0 info it worked if it ends with ok
1 verbose cli [ '/usr/local/bin/node',
1 verbose cli   '/usr/local/bin/npm',
1 verbose cli   'link',
1 verbose cli   'body-parser' ]
2 info using npm@3.10.8
3 info using node@v6.8.0
4 silly loadCurrentTree Starting
5 silly install loadCurrentTree
6 silly install readGlobalPackageData
7 silly fetchPackageMetaData body-parser
8 silly fetchNamedPackageData body-parser
9 silly mapToRegistry name body-parser
10 silly mapToRegistry using default registry
11 silly mapToRegistry registry https://registry.npmjs.org/
12 silly mapToRegistry data Result {
12 silly mapToRegistry   raw: 'body-parser',
12 silly mapToRegistry   scope: null,
12 silly mapToRegistry   escapedName: 'body-parser',
12 silly mapToRegistry   name: 'body-parser',
12 silly mapToRegistry   rawSpec: '',
12 silly mapToRegistry   spec: 'latest',
12 silly mapToRegistry   type: 'tag' }
13 silly mapToRegistry uri https://registry.npmjs.org/body-parser
14 verbose request uri https://registry.npmjs.org/body-parser
15 verbose request no auth needed
16 info attempt registry request try #1 at 12:02:25 AM
17 verbose request id 632dfbdf2383ec06
18 verbose etag W/"58d7f77b-2021e"
19 verbose lastModified Sun, 26 Mar 2017 17:16:43 GMT
20 http request GET https://registry.npmjs.org/body-parser
21 http 304 https://registry.npmjs.org/body-parser
22 verbose headers { date: 'Wed, 29 Mar 2017 04:02:25 GMT',
22 verbose headers   via: '1.1 varnish',
22 verbose headers   'cache-control': 'max-age=300',
22 verbose headers   etag: 'W/"58d7f77b-2021e"',
22 verbose headers   age: '132',
22 verbose headers   connection: 'keep-alive',
22 verbose headers   'x-served-by': 'cache-iad2124-IAD',
22 verbose headers   'x-cache': 'HIT',
22 verbose headers   'x-cache-hits': '4',
22 verbose headers   'x-timer': 'S1490760145.717546,VS0,VE0',
22 verbose headers   vary: 'Accept-Encoding' }
23 silly get cb [ 304,
23 silly get   { date: 'Wed, 29 Mar 2017 04:02:25 GMT',
23 silly get     via: '1.1 varnish',
23 silly get     'cache-control': 'max-age=300',
23 silly get     etag: 'W/"58d7f77b-2021e"',
23 silly get     age: '132',
23 silly get     connection: 'keep-alive',
23 silly get     'x-served-by': 'cache-iad2124-IAD',
23 silly get     'x-cache': 'HIT',
23 silly get     'x-cache-hits': '4',
23 silly get     'x-timer': 'S1490760145.717546,VS0,VE0',
23 silly get     vary: 'Accept-Encoding' } ]
24 verbose etag https://registry.npmjs.org/body-parser from cache
25 verbose get saving body-parser to /Users/jeremyhu/.npm/registry.npmjs.org/body-parser/.cache.json
26 verbose correctMkdir /Users/jeremyhu/.npm correctMkdir not in flight; initializing
27 silly install normalizeTree
28 silly loadCurrentTree Finishing
29 silly loadIdealTree Starting
30 silly install loadIdealTree
31 silly cloneCurrentTree Starting
32 silly install cloneCurrentTreeToIdealTree
33 silly cloneCurrentTree Finishing
34 silly loadShrinkwrap Starting
35 silly install loadShrinkwrap
36 silly loadShrinkwrap Finishing
37 silly loadAllDepsIntoIdealTree Starting
38 silly install loadAllDepsIntoIdealTree
39 silly resolveWithNewModule body-parser@1.17.1 checking installable status
40 silly cache add args [ 'body-parser', null ]
41 verbose cache add spec body-parser
42 silly cache add parsed spec Result {
42 silly cache add   raw: 'body-parser',
42 silly cache add   scope: null,
42 silly cache add   escapedName: 'body-parser',
42 silly cache add   name: 'body-parser',
42 silly cache add   rawSpec: '',
42 silly cache add   spec: 'latest',
42 silly cache add   type: 'tag' }
43 silly addNamed body-parser@latest
44 verbose addNamed "latest" is being treated as a dist-tag for body-parser
45 info addNameTag [ 'body-parser', 'latest' ]
46 silly mapToRegistry name body-parser
47 silly mapToRegistry using default registry
48 silly mapToRegistry registry https://registry.npmjs.org/
49 silly mapToRegistry data Result {
49 silly mapToRegistry   raw: 'body-parser',
49 silly mapToRegistry   scope: null,
49 silly mapToRegistry   escapedName: 'body-parser',
49 silly mapToRegistry   name: 'body-parser',
49 silly mapToRegistry   rawSpec: '',
49 silly mapToRegistry   spec: 'latest',
49 silly mapToRegistry   type: 'tag' }
50 silly mapToRegistry uri https://registry.npmjs.org/body-parser
51 verbose addNameTag registry:https://registry.npmjs.org/body-parser not in flight; fetching
52 verbose get https://registry.npmjs.org/body-parser not expired, no request
53 silly addNameTag next cb for body-parser with tag latest
54 silly addNamed body-parser@1.17.1
55 verbose addNamed "1.17.1" is a plain semver version for body-parser
56 silly cache afterAdd body-parser@1.17.1
57 verbose afterAdd /Users/jeremyhu/.npm/body-parser/1.17.1/package/package.json not in flight; writing
58 verbose correctMkdir /Users/jeremyhu/.npm correctMkdir not in flight; initializing
59 verbose afterAdd /Users/jeremyhu/.npm/body-parser/1.17.1/package/package.json written
60 silly fetchNamedPackageData bytes
61 silly mapToRegistry name bytes
62 silly mapToRegistry using default registry
63 silly mapToRegistry registry https://registry.npmjs.org/
64 silly mapToRegistry data Result {
64 silly mapToRegistry   raw: 'bytes',
64 silly mapToRegistry   scope: null,
64 silly mapToRegistry   escapedName: 'bytes',
64 silly mapToRegistry   name: 'bytes',
64 silly mapToRegistry   rawSpec: '',
64 silly mapToRegistry   spec: 'latest',
64 silly mapToRegistry   type: 'tag' }
65 silly mapToRegistry uri https://registry.npmjs.org/bytes
66 silly fetchNamedPackageData content-type
67 silly mapToRegistry name content-type
68 silly mapToRegistry using default registry
69 silly mapToRegistry registry https://registry.npmjs.org/
70 silly mapToRegistry data Result {
70 silly mapToRegistry   raw: 'content-type',
70 silly mapToRegistry   scope: null,
70 silly mapToRegistry   escapedName: 'content-type',
70 silly mapToRegistry   name: 'content-type',
70 silly mapToRegistry   rawSpec: '',
70 silly mapToRegistry   spec: 'latest',
70 silly mapToRegistry   type: 'tag' }
71 silly mapToRegistry uri https://registry.npmjs.org/content-type
72 silly fetchNamedPackageData debug
73 silly mapToRegistry name debug
74 silly mapToRegistry using default registry
75 silly mapToRegistry registry https://registry.npmjs.org/
76 silly mapToRegistry data Result {
76 silly mapToRegistry   raw: 'debug',
76 silly mapToRegistry   scope: null,
76 silly mapToRegistry   escapedName: 'debug',
76 silly mapToRegistry   name: 'debug',
76 silly mapToRegistry   rawSpec: '',
76 silly mapToRegistry   spec: 'latest',
76 silly mapToRegistry   type: 'tag' }
77 silly mapToRegistry uri https://registry.npmjs.org/debug
78 silly fetchNamedPackageData depd
79 silly mapToRegistry name depd
80 silly mapToRegistry using default registry
81 silly mapToRegistry registry https://registry.npmjs.org/
82 silly mapToRegistry data Result {
82 silly mapToRegistry   raw: 'depd',
82 silly mapToRegistry   scope: null,
82 silly mapToRegistry   escapedName: 'depd',
82 silly mapToRegistry   name: 'depd',
82 silly mapToRegistry   rawSpec: '',
82 silly mapToRegistry   spec: 'latest',
82 silly mapToRegistry   type: 'tag' }
83 silly mapToRegistry uri https://registry.npmjs.org/depd
84 silly fetchNamedPackageData http-errors
85 silly mapToRegistry name http-errors
86 silly mapToRegistry using default registry
87 silly mapToRegistry registry https://registry.npmjs.org/
88 silly mapToRegistry data Result {
88 silly mapToRegistry   raw: 'http-errors',
88 silly mapToRegistry   scope: null,
88 silly mapToRegistry   escapedName: 'http-errors',
88 silly mapToRegistry   name: 'http-errors',
88 silly mapToRegistry   rawSpec: '',
88 silly mapToRegistry   spec: 'latest',
88 silly mapToRegistry   type: 'tag' }
89 silly mapToRegistry uri https://registry.npmjs.org/http-errors
90 silly fetchNamedPackageData iconv-lite
91 silly mapToRegistry name iconv-lite
92 silly mapToRegistry using default registry
93 silly mapToRegistry registry https://registry.npmjs.org/
94 silly mapToRegistry data Result {
94 silly mapToRegistry   raw: 'iconv-lite',
94 silly mapToRegistry   scope: null,
94 silly mapToRegistry   escapedName: 'iconv-lite',
94 silly mapToRegistry   name: 'iconv-lite',
94 silly mapToRegistry   rawSpec: '',
94 silly mapToRegistry   spec: 'latest',
94 silly mapToRegistry   type: 'tag' }
95 silly mapToRegistry uri https://registry.npmjs.org/iconv-lite
96 silly fetchNamedPackageData on-finished
97 silly mapToRegistry name on-finished
98 silly mapToRegistry using default registry
99 silly mapToRegistry registry https://registry.npmjs.org/
100 silly mapToRegistry data Result {
100 silly mapToRegistry   raw: 'on-finished',
100 silly mapToRegistry   scope: null,
100 silly mapToRegistry   escapedName: 'on-finished',
100 silly mapToRegistry   name: 'on-finished',
100 silly mapToRegistry   rawSpec: '',
100 silly mapToRegistry   spec: 'latest',
100 silly mapToRegistry   type: 'tag' }
101 silly mapToRegistry uri https://registry.npmjs.org/on-finished
102 silly fetchNamedPackageData qs
103 silly mapToRegistry name qs
104 silly mapToRegistry using default registry
105 silly mapToRegistry registry https://registry.npmjs.org/
106 silly mapToRegistry data Result {
106 silly mapToRegistry   raw: 'qs',
106 silly mapToRegistry   scope: null,
106 silly mapToRegistry   escapedName: 'qs',
106 silly mapToRegistry   name: 'qs',
106 silly mapToRegistry   rawSpec: '',
106 silly mapToRegistry   spec: 'latest',
106 silly mapToRegistry   type: 'tag' }
107 silly mapToRegistry uri https://registry.npmjs.org/qs
108 silly fetchNamedPackageData raw-body
109 silly mapToRegistry name raw-body
110 silly mapToRegistry using default registry
111 silly mapToRegistry registry https://registry.npmjs.org/
112 silly mapToRegistry data Result {
112 silly mapToRegistry   raw: 'raw-body',
112 silly mapToRegistry   scope: null,
112 silly mapToRegistry   escapedName: 'raw-body',
112 silly mapToRegistry   name: 'raw-body',
112 silly mapToRegistry   rawSpec: '',
112 silly mapToRegistry   spec: 'latest',
112 silly mapToRegistry   type: 'tag' }
113 silly mapToRegistry uri https://registry.npmjs.org/raw-body
114 silly fetchNamedPackageData type-is
115 silly mapToRegistry name type-is
116 silly mapToRegistry using default registry
117 silly mapToRegistry registry https://registry.npmjs.org/
118 silly mapToRegistry data Result {
118 silly mapToRegistry   raw: 'type-is',
118 silly mapToRegistry   scope: null,
118 silly mapToRegistry   escapedName: 'type-is',
118 silly mapToRegistry   name: 'type-is',
118 silly mapToRegistry   rawSpec: '',
118 silly mapToRegistry   spec: 'latest',
118 silly mapToRegistry   type: 'tag' }
119 silly mapToRegistry uri https://registry.npmjs.org/type-is
120 verbose request uri https://registry.npmjs.org/bytes
121 verbose request no auth needed
122 info attempt registry request try #1 at 12:02:25 AM
123 verbose etag W/"58d5f311-52f0"
124 verbose lastModified Sat, 25 Mar 2017 04:33:21 GMT
125 http request GET https://registry.npmjs.org/bytes
126 verbose request uri https://registry.npmjs.org/depd
127 verbose request no auth needed
128 info attempt registry request try #1 at 12:02:25 AM
129 verbose etag W/"58b094f6-70fa"
130 verbose lastModified Fri, 24 Feb 2017 20:17:58 GMT
131 http request GET https://registry.npmjs.org/depd
132 verbose request uri https://registry.npmjs.org/content-type
133 verbose request no auth needed
134 info attempt registry request try #1 at 12:02:25 AM
135 verbose etag W/"57315cb4-22fe"
136 verbose lastModified Tue, 10 May 2016 03:59:48 GMT
137 http request GET https://registry.npmjs.org/content-type
138 verbose request uri https://registry.npmjs.org/http-errors
139 verbose request no auth needed
140 info attempt registry request try #1 at 12:02:25 AM
141 verbose etag W/"58c8ba3d-8c4b"
142 verbose lastModified Wed, 15 Mar 2017 03:51:25 GMT
143 http request GET https://registry.npmjs.org/http-errors
144 verbose request uri https://registry.npmjs.org/debug
145 verbose request no auth needed
146 info attempt registry request try #1 at 12:02:25 AM
147 verbose etag W/"58cbbd7a-139cf"
148 verbose lastModified Fri, 17 Mar 2017 10:42:02 GMT
149 http request GET https://registry.npmjs.org/debug
150 verbose request uri https://registry.npmjs.org/iconv-lite
151 verbose request no auth needed
152 info attempt registry request try #1 at 12:02:25 AM
153 verbose etag W/"58c9de2a-fd15"
154 verbose lastModified Thu, 16 Mar 2017 00:36:58 GMT
155 http request GET https://registry.npmjs.org/iconv-lite
156 verbose request uri https://registry.npmjs.org/raw-body
157 verbose request no auth needed
158 info attempt registry request try #1 at 12:02:25 AM
159 verbose etag W/"58a16f7c-dd60"
160 verbose lastModified Mon, 13 Feb 2017 08:34:04 GMT
161 http request GET https://registry.npmjs.org/raw-body
162 verbose request uri https://registry.npmjs.org/on-finished
163 verbose request no auth needed
164 info attempt registry request try #1 at 12:02:25 AM
165 verbose etag W/"58b780ce-3b1b"
166 verbose lastModified Thu, 02 Mar 2017 02:17:50 GMT
167 http request GET https://registry.npmjs.org/on-finished
168 verbose request uri https://registry.npmjs.org/type-is
169 verbose request no auth needed
170 info attempt registry request try #1 at 12:02:25 AM
171 verbose etag W/"588239c2-e3ff"
172 verbose lastModified Fri, 20 Jan 2017 16:24:34 GMT
173 http request GET https://registry.npmjs.org/type-is
174 verbose request uri https://registry.npmjs.org/qs
175 verbose request no auth needed
176 info attempt registry request try #1 at 12:02:25 AM
177 verbose etag W/"58cacb2c-178bd"
178 verbose lastModified Thu, 16 Mar 2017 17:28:12 GMT
179 http request GET https://registry.npmjs.org/qs
180 http 304 https://registry.npmjs.org/bytes
181 verbose headers { date: 'Wed, 29 Mar 2017 04:02:25 GMT',
181 verbose headers   via: '1.1 varnish',
181 verbose headers   'cache-control': 'max-age=300',
181 verbose headers   etag: 'W/"58d5f311-52f0"',
181 verbose headers   age: '291',
181 verbose headers   connection: 'keep-alive',
181 verbose headers   'x-served-by': 'cache-iad2124-IAD',
181 verbose headers   'x-cache': 'HIT',
181 verbose headers   'x-cache-hits': '8',
181 verbose headers   'x-timer': 'S1490760145.826540,VS0,VE0',
181 verbose headers   vary: 'Accept-Encoding' }
182 silly get cb [ 304,
182 silly get   { date: 'Wed, 29 Mar 2017 04:02:25 GMT',
182 silly get     via: '1.1 varnish',
182 silly get     'cache-control': 'max-age=300',
182 silly get     etag: 'W/"58d5f311-52f0"',
182 silly get     age: '291',
182 silly get     connection: 'keep-alive',
182 silly get     'x-served-by': 'cache-iad2124-IAD',
182 silly get     'x-cache': 'HIT',
182 silly get     'x-cache-hits': '8',
182 silly get     'x-timer': 'S1490760145.826540,VS0,VE0',
182 silly get     vary: 'Accept-Encoding' } ]
183 verbose etag https://registry.npmjs.org/bytes from cache
184 verbose get saving bytes to /Users/jeremyhu/.npm/registry.npmjs.org/bytes/.cache.json
185 verbose correctMkdir /Users/jeremyhu/.npm correctMkdir not in flight; initializing
186 silly resolveWithNewModule bytes@2.4.0 checking installable status
187 silly cache add args [ 'bytes@2.4.0', null ]
188 verbose cache add spec bytes@2.4.0
189 silly cache add parsed spec Result {
189 silly cache add   raw: 'bytes@2.4.0',
189 silly cache add   scope: null,
189 silly cache add   escapedName: 'bytes',
189 silly cache add   name: 'bytes',
189 silly cache add   rawSpec: '2.4.0',
189 silly cache add   spec: '2.4.0',
189 silly cache add   type: 'version' }
190 silly addNamed bytes@2.4.0
191 verbose addNamed "2.4.0" is a plain semver version for bytes
192 silly mapToRegistry name bytes
193 silly mapToRegistry using default registry
194 silly mapToRegistry registry https://registry.npmjs.org/
195 silly mapToRegistry data Result {
195 silly mapToRegistry   raw: 'bytes',
195 silly mapToRegistry   scope: null,
195 silly mapToRegistry   escapedName: 'bytes',
195 silly mapToRegistry   name: 'bytes',
195 silly mapToRegistry   rawSpec: '',
195 silly mapToRegistry   spec: 'latest',
195 silly mapToRegistry   type: 'tag' }
196 silly mapToRegistry uri https://registry.npmjs.org/bytes
197 verbose addNameVersion registry:https://registry.npmjs.org/bytes not in flight; fetching
198 http 304 https://registry.npmjs.org/on-finished
199 verbose headers { date: 'Wed, 29 Mar 2017 04:02:25 GMT',
199 verbose headers   via: '1.1 varnish',
199 verbose headers   'cache-control': 'max-age=300',
199 verbose headers   etag: 'W/"58b780ce-3b1b"',
199 verbose headers   age: '164',
199 verbose headers   connection: 'keep-alive',
199 verbose headers   'x-served-by': 'cache-iad2124-IAD',
199 verbose headers   'x-cache': 'HIT',
199 verbose headers   'x-cache-hits': '6',
199 verbose headers   'x-timer': 'S1490760145.849858,VS0,VE0',
199 verbose headers   vary: 'Accept-Encoding' }
200 silly get cb [ 304,
200 silly get   { date: 'Wed, 29 Mar 2017 04:02:25 GMT',
200 silly get     via: '1.1 varnish',
200 silly get     'cache-control': 'max-age=300',
200 silly get     etag: 'W/"58b780ce-3b1b"',
200 silly get     age: '164',
200 silly get     connection: 'keep-alive',
200 silly get     'x-served-by': 'cache-iad2124-IAD',
200 silly get     'x-cache': 'HIT',
200 silly get     'x-cache-hits': '6',
200 silly get     'x-timer': 'S1490760145.849858,VS0,VE0',
200 silly get     vary: 'Accept-Encoding' } ]
201 verbose etag https://registry.npmjs.org/on-finished from cache
202 verbose get saving on-finished to /Users/jeremyhu/.npm/registry.npmjs.org/on-finished/.cache.json
203 verbose correctMkdir /Users/jeremyhu/.npm correctMkdir not in flight; initializing
204 verbose get https://registry.npmjs.org/bytes not expired, no request
205 silly cache afterAdd bytes@2.4.0
206 verbose afterAdd /Users/jeremyhu/.npm/bytes/2.4.0/package/package.json not in flight; writing
207 verbose correctMkdir /Users/jeremyhu/.npm correctMkdir not in flight; initializing
208 silly resolveWithNewModule on-finished@2.3.0 checking installable status
209 silly cache add args [ 'on-finished@~2.3.0', null ]
210 verbose cache add spec on-finished@~2.3.0
211 silly cache add parsed spec Result {
211 silly cache add   raw: 'on-finished@~2.3.0',
211 silly cache add   scope: null,
211 silly cache add   escapedName: 'on-finished',
211 silly cache add   name: 'on-finished',
211 silly cache add   rawSpec: '~2.3.0',
211 silly cache add   spec: '>=2.3.0 <2.4.0',
211 silly cache add   type: 'range' }
212 silly addNamed on-finished@>=2.3.0 <2.4.0
213 verbose addNamed ">=2.3.0 <2.4.0" is a valid semver range for on-finished
214 silly addNameRange { name: 'on-finished', range: '>=2.3.0 <2.4.0', hasData: false }
215 silly mapToRegistry name on-finished
216 silly mapToRegistry using default registry
217 silly mapToRegistry registry https://registry.npmjs.org/
218 silly mapToRegistry data Result {
218 silly mapToRegistry   raw: 'on-finished',
218 silly mapToRegistry   scope: null,
218 silly mapToRegistry   escapedName: 'on-finished',
218 silly mapToRegistry   name: 'on-finished',
218 silly mapToRegistry   rawSpec: '',
218 silly mapToRegistry   spec: 'latest',
218 silly mapToRegistry   type: 'tag' }
219 silly mapToRegistry uri https://registry.npmjs.org/on-finished
220 verbose addNameRange registry:https://registry.npmjs.org/on-finished not in flight; fetching
221 http 304 https://registry.npmjs.org/http-errors
222 verbose headers { date: 'Wed, 29 Mar 2017 04:02:25 GMT',
222 verbose headers   via: '1.1 varnish',
222 verbose headers   'cache-control': 'max-age=300',
222 verbose headers   etag: 'W/"58c8ba3d-8c4b"',
222 verbose headers   age: '48',
222 verbose headers   connection: 'keep-alive',
222 verbose headers   'x-served-by': 'cache-iad2641-IAD',
222 verbose headers   'x-cache': 'HIT',
222 verbose headers   'x-cache-hits': '4',
222 verbose headers   'x-timer': 'S1490760145.855224,VS0,VE0',
222 verbose headers   vary: 'Accept-Encoding' }
223 silly get cb [ 304,
223 silly get   { date: 'Wed, 29 Mar 2017 04:02:25 GMT',
223 silly get     via: '1.1 varnish',
223 silly get     'cache-control': 'max-age=300',
223 silly get     etag: 'W/"58c8ba3d-8c4b"',
223 silly get     age: '48',
223 silly get     connection: 'keep-alive',
223 silly get     'x-served-by': 'cache-iad2641-IAD',
223 silly get     'x-cache': 'HIT',
223 silly get     'x-cache-hits': '4',
223 silly get     'x-timer': 'S1490760145.855224,VS0,VE0',
223 silly get     vary: 'Accept-Encoding' } ]
224 verbose etag https://registry.npmjs.org/http-errors from cache
225 verbose get saving http-errors to /Users/jeremyhu/.npm/registry.npmjs.org/http-errors/.cache.json
226 verbose correctMkdir /Users/jeremyhu/.npm correctMkdir not in flight; initializing
227 http 304 https://registry.npmjs.org/content-type
228 verbose headers { date: 'Wed, 29 Mar 2017 04:02:25 GMT',
228 verbose headers   via: '1.1 varnish',
228 verbose headers   'cache-control': 'max-age=300',
228 verbose headers   etag: 'W/"57315cb4-22fe"',
228 verbose headers   age: '24',
228 verbose headers   connection: 'keep-alive',
228 verbose headers   'x-served-by': 'cache-iad2132-IAD',
228 verbose headers   'x-cache': 'HIT',
228 verbose headers   'x-cache-hits': '811',
228 verbose headers   'x-timer': 'S1490760145.861893,VS0,VE0',
228 verbose headers   vary: 'Accept-Encoding' }
229 silly get cb [ 304,
229 silly get   { date: 'Wed, 29 Mar 2017 04:02:25 GMT',
229 silly get     via: '1.1 varnish',
229 silly get     'cache-control': 'max-age=300',
229 silly get     etag: 'W/"57315cb4-22fe"',
229 silly get     age: '24',
229 silly get     connection: 'keep-alive',
229 silly get     'x-served-by': 'cache-iad2132-IAD',
229 silly get     'x-cache': 'HIT',
229 silly get     'x-cache-hits': '811',
229 silly get     'x-timer': 'S1490760145.861893,VS0,VE0',
229 silly get     vary: 'Accept-Encoding' } ]
230 verbose etag https://registry.npmjs.org/content-type from cache
231 verbose get saving content-type to /Users/jeremyhu/.npm/registry.npmjs.org/content-type/.cache.json
232 verbose correctMkdir /Users/jeremyhu/.npm correctMkdir not in flight; initializing
233 http 304 https://registry.npmjs.org/iconv-lite
234 verbose headers { date: 'Wed, 29 Mar 2017 04:02:25 GMT',
234 verbose headers   via: '1.1 varnish',
234 verbose headers   'cache-control': 'max-age=300',
234 verbose headers   etag: 'W/"58c9de2a-fd15"',
234 verbose headers   age: '198',
234 verbose headers   connection: 'keep-alive',
234 verbose headers   'x-served-by': 'cache-iad2635-IAD',
234 verbose headers   'x-cache': 'HIT',
234 verbose headers   'x-cache-hits': '3',
234 verbose headers   'x-timer': 'S1490760145.854133,VS0,VE0',
234 verbose headers   vary: 'Accept-Encoding' }
235 silly get cb [ 304,
235 silly get   { date: 'Wed, 29 Mar 2017 04:02:25 GMT',
235 silly get     via: '1.1 varnish',
235 silly get     'cache-control': 'max-age=300',
235 silly get     etag: 'W/"58c9de2a-fd15"',
235 silly get     age: '198',
235 silly get     connection: 'keep-alive',
235 silly get     'x-served-by': 'cache-iad2635-IAD',
235 silly get     'x-cache': 'HIT',
235 silly get     'x-cache-hits': '3',
235 silly get     'x-timer': 'S1490760145.854133,VS0,VE0',
235 silly get     vary: 'Accept-Encoding' } ]
236 verbose etag https://registry.npmjs.org/iconv-lite from cache
237 verbose get saving iconv-lite to /Users/jeremyhu/.npm/registry.npmjs.org/iconv-lite/.cache.json
238 verbose correctMkdir /Users/jeremyhu/.npm correctMkdir not in flight; initializing
239 http 304 https://registry.npmjs.org/depd
240 verbose headers { date: 'Wed, 29 Mar 2017 04:02:25 GMT',
240 verbose headers   via: '1.1 varnish',
240 verbose headers   'cache-control': 'max-age=300',
240 verbose headers   etag: 'W/"58b094f6-70fa"',
240 verbose headers   age: '174',
240 verbose headers   connection: 'keep-alive',
240 verbose headers   'x-served-by': 'cache-iad2647-IAD',
240 verbose headers   'x-cache': 'HIT',
240 verbose headers   'x-cache-hits': '3',
240 verbose headers   'x-timer': 'S1490760145.858363,VS0,VE0',
240 verbose headers   vary: 'Accept-Encoding' }
241 silly get cb [ 304,
241 silly get   { date: 'Wed, 29 Mar 2017 04:02:25 GMT',
241 silly get     via: '1.1 varnish',
241 silly get     'cache-control': 'max-age=300',
241 silly get     etag: 'W/"58b094f6-70fa"',
241 silly get     age: '174',
241 silly get     connection: 'keep-alive',
241 silly get     'x-served-by': 'cache-iad2647-IAD',
241 silly get     'x-cache': 'HIT',
241 silly get     'x-cache-hits': '3',
241 silly get     'x-timer': 'S1490760145.858363,VS0,VE0',
241 silly get     vary: 'Accept-Encoding' } ]
242 verbose etag https://registry.npmjs.org/depd from cache
243 verbose get saving depd to /Users/jeremyhu/.npm/registry.npmjs.org/depd/.cache.json
244 verbose correctMkdir /Users/jeremyhu/.npm correctMkdir not in flight; initializing
245 http 304 https://registry.npmjs.org/raw-body
246 verbose headers { date: 'Wed, 29 Mar 2017 04:02:25 GMT',
246 verbose headers   via: '1.1 varnish',
246 verbose headers   'cache-control': 'max-age=300',
246 verbose headers   etag: 'W/"58a16f7c-dd60"',
246 verbose headers   age: '92',
246 verbose headers   connection: 'keep-alive',
246 verbose headers   'x-served-by': 'cache-iad2128-IAD',
246 verbose headers   'x-cache': 'HIT',
246 verbose headers   'x-cache-hits': '1',
246 verbose headers   'x-timer': 'S1490760145.857563,VS0,VE0',
246 verbose headers   vary: 'Accept-Encoding' }
247 silly get cb [ 304,
247 silly get   { date: 'Wed, 29 Mar 2017 04:02:25 GMT',
247 silly get     via: '1.1 varnish',
247 silly get     'cache-control': 'max-age=300',
247 silly get     etag: 'W/"58a16f7c-dd60"',
247 silly get     age: '92',
247 silly get     connection: 'keep-alive',
247 silly get     'x-served-by': 'cache-iad2128-IAD',
247 silly get     'x-cache': 'HIT',
247 silly get     'x-cache-hits': '1',
247 silly get     'x-timer': 'S1490760145.857563,VS0,VE0',
247 silly get     vary: 'Accept-Encoding' } ]
248 verbose etag https://registry.npmjs.org/raw-body from cache
249 verbose get saving raw-body to /Users/jeremyhu/.npm/registry.npmjs.org/raw-body/.cache.json
250 verbose correctMkdir /Users/jeremyhu/.npm correctMkdir not in flight; initializing
251 verbose get https://registry.npmjs.org/on-finished not expired, no request
252 silly addNameRange number 2 { name: 'on-finished', range: '>=2.3.0 <2.4.0', hasData: true }
253 silly addNameRange versions [ 'on-finished',
253 silly addNameRange   [ '2.0.0', '2.1.0', '2.1.1', '2.2.0', '2.2.1', '2.3.0' ] ]
254 silly addNamed on-finished@2.3.0
255 verbose addNamed "2.3.0" is a plain semver version for on-finished
256 http 304 https://registry.npmjs.org/qs
257 verbose headers { date: 'Wed, 29 Mar 2017 04:02:25 GMT',
257 verbose headers   via: '1.1 varnish',
257 verbose headers   'cache-control': 'max-age=300',
257 verbose headers   etag: 'W/"58cacb2c-178bd"',
257 verbose headers   age: '62',
257 verbose headers   connection: 'keep-alive',
257 verbose headers   'x-served-by': 'cache-iad2628-IAD',
257 verbose headers   'x-cache': 'HIT',
257 verbose headers   'x-cache-hits': '8',
257 verbose headers   'x-timer': 'S1490760145.862504,VS0,VE0',
257 verbose headers   vary: 'Accept-Encoding' }
258 silly get cb [ 304,
258 silly get   { date: 'Wed, 29 Mar 2017 04:02:25 GMT',
258 silly get     via: '1.1 varnish',
258 silly get     'cache-control': 'max-age=300',
258 silly get     etag: 'W/"58cacb2c-178bd"',
258 silly get     age: '62',
258 silly get     connection: 'keep-alive',
258 silly get     'x-served-by': 'cache-iad2628-IAD',
258 silly get     'x-cache': 'HIT',
258 silly get     'x-cache-hits': '8',
258 silly get     'x-timer': 'S1490760145.862504,VS0,VE0',
258 silly get     vary: 'Accept-Encoding' } ]
259 verbose etag https://registry.npmjs.org/qs from cache
260 verbose get saving qs to /Users/jeremyhu/.npm/registry.npmjs.org/qs/.cache.json
261 verbose correctMkdir /Users/jeremyhu/.npm correctMkdir not in flight; initializing
262 http 304 https://registry.npmjs.org/type-is
263 verbose headers { date: 'Wed, 29 Mar 2017 04:02:25 GMT',
263 verbose headers   via: '1.1 varnish',
263 verbose headers   'cache-control': 'max-age=300',
263 verbose headers   etag: 'W/"588239c2-e3ff"',
263 verbose headers   age: '156',
263 verbose headers   connection: 'keep-alive',
263 verbose headers   'x-served-by': 'cache-iad2134-IAD',
263 verbose headers   'x-cache': 'HIT',
263 verbose headers   'x-cache-hits': '7',
263 verbose headers   'x-timer': 'S1490760145.864580,VS0,VE0',
263 verbose headers   vary: 'Accept-Encoding' }
264 silly get cb [ 304,
264 silly get   { date: 'Wed, 29 Mar 2017 04:02:25 GMT',
264 silly get     via: '1.1 varnish',
264 silly get     'cache-control': 'max-age=300',
264 silly get     etag: 'W/"588239c2-e3ff"',
264 silly get     age: '156',
264 silly get     connection: 'keep-alive',
264 silly get     'x-served-by': 'cache-iad2134-IAD',
264 silly get     'x-cache': 'HIT',
264 silly get     'x-cache-hits': '7',
264 silly get     'x-timer': 'S1490760145.864580,VS0,VE0',
264 silly get     vary: 'Accept-Encoding' } ]
265 verbose etag https://registry.npmjs.org/type-is from cache
266 verbose get saving type-is to /Users/jeremyhu/.npm/registry.npmjs.org/type-is/.cache.json
267 verbose correctMkdir /Users/jeremyhu/.npm correctMkdir not in flight; initializing
268 verbose afterAdd /Users/jeremyhu/.npm/bytes/2.4.0/package/package.json written
269 http 200 https://registry.npmjs.org/debug
270 verbose headers { server: 'nginx/1.10.1',
270 verbose headers   'content-type': 'application/json',
270 verbose headers   'last-modified': 'Sun, 26 Mar 2017 00:21:40 GMT',
270 verbose headers   etag: 'W/"58d70994-139f3"',
270 verbose headers   'content-encoding': 'gzip',
270 verbose headers   'cache-control': 'max-age=300',
270 verbose headers   'content-length': '13666',
270 verbose headers   'accept-ranges': 'bytes',
270 verbose headers   date: 'Wed, 29 Mar 2017 04:02:25 GMT',
270 verbose headers   via: '1.1 varnish',
270 verbose headers   age: '40',
270 verbose headers   connection: 'keep-alive',
270 verbose headers   'x-served-by': 'cache-iad2120-IAD',
270 verbose headers   'x-cache': 'HIT',
270 verbose headers   'x-cache-hits': '3',
270 verbose headers   'x-timer': 'S1490760145.853855,VS0,VE0',
270 verbose headers   vary: 'Accept-Encoding' }
271 silly get cb [ 200,
271 silly get   { server: 'nginx/1.10.1',
271 silly get     'content-type': 'application/json',
271 silly get     'last-modified': 'Sun, 26 Mar 2017 00:21:40 GMT',
271 silly get     etag: 'W/"58d70994-139f3"',
271 silly get     'content-encoding': 'gzip',
271 silly get     'cache-control': 'max-age=300',
271 silly get     'content-length': '13666',
271 silly get     'accept-ranges': 'bytes',
271 silly get     date: 'Wed, 29 Mar 2017 04:02:25 GMT',
271 silly get     via: '1.1 varnish',
271 silly get     age: '40',
271 silly get     connection: 'keep-alive',
271 silly get     'x-served-by': 'cache-iad2120-IAD',
271 silly get     'x-cache': 'HIT',
271 silly get     'x-cache-hits': '3',
271 silly get     'x-timer': 'S1490760145.853855,VS0,VE0',
271 silly get     vary: 'Accept-Encoding' } ]
272 verbose get saving debug to /Users/jeremyhu/.npm/registry.npmjs.org/debug/.cache.json
273 verbose correctMkdir /Users/jeremyhu/.npm correctMkdir not in flight; initializing
274 silly cache afterAdd on-finished@2.3.0
275 verbose afterAdd /Users/jeremyhu/.npm/on-finished/2.3.0/package/package.json not in flight; writing
276 verbose correctMkdir /Users/jeremyhu/.npm correctMkdir not in flight; initializing
277 silly resolveWithNewModule depd@1.1.0 checking installable status
278 silly cache add args [ 'depd@~1.1.0', null ]
279 verbose cache add spec depd@~1.1.0
280 silly cache add parsed spec Result {
280 silly cache add   raw: 'depd@~1.1.0',
280 silly cache add   scope: null,
280 silly cache add   escapedName: 'depd',
280 silly cache add   name: 'depd',
280 silly cache add   rawSpec: '~1.1.0',
280 silly cache add   spec: '>=1.1.0 <1.2.0',
280 silly cache add   type: 'range' }
281 silly addNamed depd@>=1.1.0 <1.2.0
282 verbose addNamed ">=1.1.0 <1.2.0" is a valid semver range for depd
283 silly addNameRange { name: 'depd', range: '>=1.1.0 <1.2.0', hasData: false }
284 silly mapToRegistry name depd
285 silly mapToRegistry using default registry
286 silly mapToRegistry registry https://registry.npmjs.org/
287 silly mapToRegistry data Result {
287 silly mapToRegistry   raw: 'depd',
287 silly mapToRegistry   scope: null,
287 silly mapToRegistry   escapedName: 'depd',
287 silly mapToRegistry   name: 'depd',
287 silly mapToRegistry   rawSpec: '',
287 silly mapToRegistry   spec: 'latest',
287 silly mapToRegistry   type: 'tag' }
288 silly mapToRegistry uri https://registry.npmjs.org/depd
289 verbose addNameRange registry:https://registry.npmjs.org/depd not in flight; fetching
290 silly resolveWithNewModule content-type@1.0.2 checking installable status
291 silly cache add args [ 'content-type@~1.0.2', null ]
292 verbose cache add spec content-type@~1.0.2
293 silly cache add parsed spec Result {
293 silly cache add   raw: 'content-type@~1.0.2',
293 silly cache add   scope: null,
293 silly cache add   escapedName: 'content-type',
293 silly cache add   name: 'content-type',
293 silly cache add   rawSpec: '~1.0.2',
293 silly cache add   spec: '>=1.0.2 <1.1.0',
293 silly cache add   type: 'range' }
294 silly addNamed content-type@>=1.0.2 <1.1.0
295 verbose addNamed ">=1.0.2 <1.1.0" is a valid semver range for content-type
296 silly addNameRange { name: 'content-type', range: '>=1.0.2 <1.1.0', hasData: false }
297 silly mapToRegistry name content-type
298 silly mapToRegistry using default registry
299 silly mapToRegistry registry https://registry.npmjs.org/
300 silly mapToRegistry data Result {
300 silly mapToRegistry   raw: 'content-type',
300 silly mapToRegistry   scope: null,
300 silly mapToRegistry   escapedName: 'content-type',
300 silly mapToRegistry   name: 'content-type',
300 silly mapToRegistry   rawSpec: '',
300 silly mapToRegistry   spec: 'latest',
300 silly mapToRegistry   type: 'tag' }
301 silly mapToRegistry uri https://registry.npmjs.org/content-type
302 verbose addNameRange registry:https://registry.npmjs.org/content-type not in flight; fetching
303 silly resolveWithNewModule http-errors@1.6.1 checking installable status
304 silly cache add args [ 'http-errors@~1.6.1', null ]
305 verbose cache add spec http-errors@~1.6.1
306 silly cache add parsed spec Result {
306 silly cache add   raw: 'http-errors@~1.6.1',
306 silly cache add   scope: null,
306 silly cache add   escapedName: 'http-errors',
306 silly cache add   name: 'http-errors',
306 silly cache add   rawSpec: '~1.6.1',
306 silly cache add   spec: '>=1.6.1 <1.7.0',
306 silly cache add   type: 'range' }
307 silly addNamed http-errors@>=1.6.1 <1.7.0
308 verbose addNamed ">=1.6.1 <1.7.0" is a valid semver range for http-errors
309 silly addNameRange { name: 'http-errors', range: '>=1.6.1 <1.7.0', hasData: false }
310 silly mapToRegistry name http-errors
311 silly mapToRegistry using default registry
312 silly mapToRegistry registry https://registry.npmjs.org/
313 silly mapToRegistry data Result {
313 silly mapToRegistry   raw: 'http-errors',
313 silly mapToRegistry   scope: null,
313 silly mapToRegistry   escapedName: 'http-errors',
313 silly mapToRegistry   name: 'http-errors',
313 silly mapToRegistry   rawSpec: '',
313 silly mapToRegistry   spec: 'latest',
313 silly mapToRegistry   type: 'tag' }
314 silly mapToRegistry uri https://registry.npmjs.org/http-errors
315 verbose addNameRange registry:https://registry.npmjs.org/http-errors not in flight; fetching
316 silly resolveWithNewModule iconv-lite@0.4.15 checking installable status
317 silly cache add args [ 'iconv-lite@0.4.15', null ]
318 verbose cache add spec iconv-lite@0.4.15
319 silly cache add parsed spec Result {
319 silly cache add   raw: 'iconv-lite@0.4.15',
319 silly cache add   scope: null,
319 silly cache add   escapedName: 'iconv-lite',
319 silly cache add   name: 'iconv-lite',
319 silly cache add   rawSpec: '0.4.15',
319 silly cache add   spec: '0.4.15',
319 silly cache add   type: 'version' }
320 silly addNamed iconv-lite@0.4.15
321 verbose addNamed "0.4.15" is a plain semver version for iconv-lite
322 silly mapToRegistry name iconv-lite
323 silly mapToRegistry using default registry
324 silly mapToRegistry registry https://registry.npmjs.org/
325 silly mapToRegistry data Result {
325 silly mapToRegistry   raw: 'iconv-lite',
325 silly mapToRegistry   scope: null,
325 silly mapToRegistry   escapedName: 'iconv-lite',
325 silly mapToRegistry   name: 'iconv-lite',
325 silly mapToRegistry   rawSpec: '',
325 silly mapToRegistry   spec: 'latest',
325 silly mapToRegistry   type: 'tag' }
326 silly mapToRegistry uri https://registry.npmjs.org/iconv-lite
327 verbose addNameVersion registry:https://registry.npmjs.org/iconv-lite not in flight; fetching
328 silly resolveWithNewModule raw-body@2.2.0 checking installable status
329 silly cache add args [ 'raw-body@~2.2.0', null ]
330 verbose cache add spec raw-body@~2.2.0
331 silly cache add parsed spec Result {
331 silly cache add   raw: 'raw-body@~2.2.0',
331 silly cache add   scope: null,
331 silly cache add   escapedName: 'raw-body',
331 silly cache add   name: 'raw-body',
331 silly cache add   rawSpec: '~2.2.0',
331 silly cache add   spec: '>=2.2.0 <2.3.0',
331 silly cache add   type: 'range' }
332 silly addNamed raw-body@>=2.2.0 <2.3.0
333 verbose addNamed ">=2.2.0 <2.3.0" is a valid semver range for raw-body
334 silly addNameRange { name: 'raw-body', range: '>=2.2.0 <2.3.0', hasData: false }
335 silly mapToRegistry name raw-body
336 silly mapToRegistry using default registry
337 silly mapToRegistry registry https://registry.npmjs.org/
338 silly mapToRegistry data Result {
338 silly mapToRegistry   raw: 'raw-body',
338 silly mapToRegistry   scope: null,
338 silly mapToRegistry   escapedName: 'raw-body',
338 silly mapToRegistry   name: 'raw-body',
338 silly mapToRegistry   rawSpec: '',
338 silly mapToRegistry   spec: 'latest',
338 silly mapToRegistry   type: 'tag' }
339 silly mapToRegistry uri https://registry.npmjs.org/raw-body
340 verbose addNameRange registry:https://registry.npmjs.org/raw-body not in flight; fetching
341 verbose get https://registry.npmjs.org/depd not expired, no request
342 silly addNameRange number 2 { name: 'depd', range: '>=1.1.0 <1.2.0', hasData: true }
343 silly addNameRange versions [ 'depd',
343 silly addNameRange   [ '0.0.0',
343 silly addNameRange     '0.0.1',
343 silly addNameRange     '0.1.0',
343 silly addNameRange     '0.2.0',
343 silly addNameRange     '0.3.0',
343 silly addNameRange     '0.4.0',
343 silly addNameRange     '0.4.1',
343 silly addNameRange     '0.4.2',
343 silly addNameRange     '0.4.3',
343 silly addNameRange     '0.4.4',
343 silly addNameRange     '0.4.5',
343 silly addNameRange     '1.0.0',
343 silly addNameRange     '1.0.1',
343 silly addNameRange     '1.1.0' ] ]
344 silly addNamed depd@1.1.0
345 verbose addNamed "1.1.0" is a plain semver version for depd
346 verbose get https://registry.npmjs.org/http-errors not expired, no request
347 silly addNameRange number 2 { name: 'http-errors', range: '>=1.6.1 <1.7.0', hasData: true }
348 silly addNameRange versions [ 'http-errors',
348 silly addNameRange   [ '0.0.1',
348 silly addNameRange     '1.0.0',
348 silly addNameRange     '1.0.1',
348 silly addNameRange     '1.1.0',
348 silly addNameRange     '1.2.0',
348 silly addNameRange     '1.2.1',
348 silly addNameRange     '1.2.2',
348 silly addNameRange     '1.2.3',
348 silly addNameRange     '1.2.4',
348 silly addNameRange     '1.2.5',
348 silly addNameRange     '1.2.6',
348 silly addNameRange     '1.2.7',
348 silly addNameRange     '1.2.8',
348 silly addNameRange     '1.3.0',
348 silly addNameRange     '1.3.1',
348 silly addNameRange     '1.4.0',
348 silly addNameRange     '1.5.0',
348 silly addNameRange     '1.5.1',
348 silly addNameRange     '1.6.0',
348 silly addNameRange     '1.6.1' ] ]
349 silly addNamed http-errors@1.6.1
350 verbose addNamed "1.6.1" is a plain semver version for http-errors
351 verbose get https://registry.npmjs.org/content-type not expired, no request
352 silly addNameRange number 2 { name: 'content-type', range: '>=1.0.2 <1.1.0', hasData: true }
353 silly addNameRange versions [ 'content-type', [ '0.0.1', '1.0.0', '1.0.1', '1.0.2' ] ]
354 silly addNamed content-type@1.0.2
355 verbose addNamed "1.0.2" is a plain semver version for content-type
356 silly resolveWithNewModule type-is@1.6.14 checking installable status
357 silly cache add args [ 'type-is@~1.6.14', null ]
358 verbose cache add spec type-is@~1.6.14
359 silly cache add parsed spec Result {
359 silly cache add   raw: 'type-is@~1.6.14',
359 silly cache add   scope: null,
359 silly cache add   escapedName: 'type-is',
359 silly cache add   name: 'type-is',
359 silly cache add   rawSpec: '~1.6.14',
359 silly cache add   spec: '>=1.6.14 <1.7.0',
359 silly cache add   type: 'range' }
360 silly addNamed type-is@>=1.6.14 <1.7.0
361 verbose addNamed ">=1.6.14 <1.7.0" is a valid semver range for type-is
362 silly addNameRange { name: 'type-is', range: '>=1.6.14 <1.7.0', hasData: false }
363 silly mapToRegistry name type-is
364 silly mapToRegistry using default registry
365 silly mapToRegistry registry https://registry.npmjs.org/
366 silly mapToRegistry data Result {
366 silly mapToRegistry   raw: 'type-is',
366 silly mapToRegistry   scope: null,
366 silly mapToRegistry   escapedName: 'type-is',
366 silly mapToRegistry   name: 'type-is',
366 silly mapToRegistry   rawSpec: '',
366 silly mapToRegistry   spec: 'latest',
366 silly mapToRegistry   type: 'tag' }
367 silly mapToRegistry uri https://registry.npmjs.org/type-is
368 verbose addNameRange registry:https://registry.npmjs.org/type-is not in flight; fetching
369 silly resolveWithNewModule qs@6.4.0 checking installable status
370 silly cache add args [ 'qs@6.4.0', null ]
371 verbose cache add spec qs@6.4.0
372 silly cache add parsed spec Result {
372 silly cache add   raw: 'qs@6.4.0',
372 silly cache add   scope: null,
372 silly cache add   escapedName: 'qs',
372 silly cache add   name: 'qs',
372 silly cache add   rawSpec: '6.4.0',
372 silly cache add   spec: '6.4.0',
372 silly cache add   type: 'version' }
373 silly addNamed qs@6.4.0
374 verbose addNamed "6.4.0" is a plain semver version for qs
375 silly mapToRegistry name qs
376 silly mapToRegistry using default registry
377 silly mapToRegistry registry https://registry.npmjs.org/
378 silly mapToRegistry data Result {
378 silly mapToRegistry   raw: 'qs',
378 silly mapToRegistry   scope: null,
378 silly mapToRegistry   escapedName: 'qs',
378 silly mapToRegistry   name: 'qs',
378 silly mapToRegistry   rawSpec: '',
378 silly mapToRegistry   spec: 'latest',
378 silly mapToRegistry   type: 'tag' }
379 silly mapToRegistry uri https://registry.npmjs.org/qs
380 verbose addNameVersion registry:https://registry.npmjs.org/qs not in flight; fetching
381 verbose get https://registry.npmjs.org/iconv-lite not expired, no request
382 verbose afterAdd /Users/jeremyhu/.npm/on-finished/2.3.0/package/package.json written
383 verbose get https://registry.npmjs.org/raw-body not expired, no request
384 silly addNameRange number 2 { name: 'raw-body', range: '>=2.2.0 <2.3.0', hasData: true }
385 silly addNameRange versions [ 'raw-body',
385 silly addNameRange   [ '0.0.1',
385 silly addNameRange     '0.0.2',
385 silly addNameRange     '0.0.3',
385 silly addNameRange     '0.1.0',
385 silly addNameRange     '0.1.1',
385 silly addNameRange     '0.2.0',
385 silly addNameRange     '1.0.0',
385 silly addNameRange     '1.0.1',
385 silly addNameRange     '1.1.0',
385 silly addNameRange     '1.1.1',
385 silly addNameRange     '1.1.2',
385 silly addNameRange     '1.1.3',
385 silly addNameRange     '1.1.4',
385 silly addNameRange     '1.1.5',
385 silly addNameRange     '1.1.6',
385 silly addNameRange     '1.1.7',
385 silly addNameRange     '1.2.0',
385 silly addNameRange     '1.2.1',
385 silly addNameRange     '1.2.2',
385 silly addNameRange     '1.2.3',
385 silly addNameRange     '1.3.0',
385 silly addNameRange     '1.3.1',
385 silly addNameRange     '1.3.2',
385 silly addNameRange     '1.3.3',
385 silly addNameRange     '1.3.4',
385 silly addNameRange     '2.0.0',
385 silly addNameRange     '2.0.1',
385 silly addNameRange     '2.0.2',
385 silly addNameRange     '2.1.0',
385 silly addNameRange     '2.1.1',
385 silly addNameRange     '2.1.2',
385 silly addNameRange     '2.1.3',
385 silly addNameRange     '2.1.4',
385 silly addNameRange     '2.1.5',
385 silly addNameRange     '2.1.6',
385 silly addNameRange     '2.1.7',
385 silly addNameRange     '2.2.0' ] ]
386 silly addNamed raw-body@2.2.0
387 verbose addNamed "2.2.0" is a plain semver version for raw-body
388 verbose get https://registry.npmjs.org/type-is not expired, no request
389 silly addNameRange number 2 { name: 'type-is', range: '>=1.6.14 <1.7.0', hasData: true }
390 silly addNameRange versions [ 'type-is',
390 silly addNameRange   [ '1.0.0',
390 silly addNameRange     '1.0.1',
390 silly addNameRange     '1.1.0',
390 silly addNameRange     '1.2.0',
390 silly addNameRange     '1.2.1',
390 silly addNameRange     '1.2.2',
390 silly addNameRange     '1.3.0',
390 silly addNameRange     '1.3.1',
390 silly addNameRange     '1.3.2',
390 silly addNameRange     '1.4.0',
390 silly addNameRange     '1.5.0',
390 silly addNameRange     '1.5.1',
390 silly addNameRange     '1.5.2',
390 silly addNameRange     '1.5.3',
390 silly addNameRange     '1.5.4',
390 silly addNameRange     '1.5.5',
390 silly addNameRange     '1.5.6',
390 silly addNameRange     '1.5.7',
390 silly addNameRange     '1.6.0',
390 silly addNameRange     '1.6.1',
390 silly addNameRange     '1.6.2',
390 silly addNameRange     '1.6.3',
390 silly addNameRange     '1.6.4',
390 silly addNameRange     '1.6.5',
390 silly addNameRange     '1.6.6',
390 silly addNameRange     '1.6.7',
390 silly addNameRange     '1.6.8',
390 silly addNameRange     '1.6.9',
390 silly addNameRange     '1.6.10',
390 silly addNameRange     '1.6.11',
390 silly addNameRange     '1.6.12',
390 silly addNameRange     '1.6.13',
390 silly addNameRange     '1.6.14' ] ]
391 silly addNamed type-is@1.6.14
392 verbose addNamed "1.6.14" is a plain semver version for type-is
393 silly resolveWithNewModule debug@2.6.1 checking installable status
394 silly cache add args [ 'debug@2.6.1', null ]
395 verbose cache add spec debug@2.6.1
396 silly cache add parsed spec Result {
396 silly cache add   raw: 'debug@2.6.1',
396 silly cache add   scope: null,
396 silly cache add   escapedName: 'debug',
396 silly cache add   name: 'debug',
396 silly cache add   rawSpec: '2.6.1',
396 silly cache add   spec: '2.6.1',
396 silly cache add   type: 'version' }
397 silly addNamed debug@2.6.1
398 verbose addNamed "2.6.1" is a plain semver version for debug
399 silly mapToRegistry name debug
400 silly mapToRegistry using default registry
401 silly mapToRegistry registry https://registry.npmjs.org/
402 silly mapToRegistry data Result {
402 silly mapToRegistry   raw: 'debug',
402 silly mapToRegistry   scope: null,
402 silly mapToRegistry   escapedName: 'debug',
402 silly mapToRegistry   name: 'debug',
402 silly mapToRegistry   rawSpec: '',
402 silly mapToRegistry   spec: 'latest',
402 silly mapToRegistry   type: 'tag' }
403 silly mapToRegistry uri https://registry.npmjs.org/debug
404 verbose addNameVersion registry:https://registry.npmjs.org/debug not in flight; fetching
405 verbose get https://registry.npmjs.org/qs not expired, no request
406 silly cache afterAdd http-errors@1.6.1
407 verbose afterAdd /Users/jeremyhu/.npm/http-errors/1.6.1/package/package.json not in flight; writing
408 verbose correctMkdir /Users/jeremyhu/.npm correctMkdir not in flight; initializing
409 silly cache afterAdd depd@1.1.0
410 verbose afterAdd /Users/jeremyhu/.npm/depd/1.1.0/package/package.json not in flight; writing
411 verbose correctMkdir /Users/jeremyhu/.npm correctMkdir not in flight; initializing
412 silly cache afterAdd content-type@1.0.2
413 verbose afterAdd /Users/jeremyhu/.npm/content-type/1.0.2/package/package.json not in flight; writing
414 verbose correctMkdir /Users/jeremyhu/.npm correctMkdir not in flight; initializing
415 silly cache afterAdd iconv-lite@0.4.15
416 verbose afterAdd /Users/jeremyhu/.npm/iconv-lite/0.4.15/package/package.json not in flight; writing
417 verbose correctMkdir /Users/jeremyhu/.npm correctMkdir not in flight; initializing
418 silly cache afterAdd raw-body@2.2.0
419 verbose afterAdd /Users/jeremyhu/.npm/raw-body/2.2.0/package/package.json not in flight; writing
420 verbose correctMkdir /Users/jeremyhu/.npm correctMkdir not in flight; initializing
421 verbose get https://registry.npmjs.org/debug not expired, no request
422 silly cache afterAdd type-is@1.6.14
423 verbose afterAdd /Users/jeremyhu/.npm/type-is/1.6.14/package/package.json not in flight; writing
424 verbose correctMkdir /Users/jeremyhu/.npm correctMkdir not in flight; initializing
425 silly cache afterAdd qs@6.4.0
426 verbose afterAdd /Users/jeremyhu/.npm/qs/6.4.0/package/package.json not in flight; writing
427 verbose correctMkdir /Users/jeremyhu/.npm correctMkdir not in flight; initializing
428 verbose afterAdd /Users/jeremyhu/.npm/http-errors/1.6.1/package/package.json written
429 verbose afterAdd /Users/jeremyhu/.npm/content-type/1.0.2/package/package.json written
430 verbose afterAdd /Users/jeremyhu/.npm/depd/1.1.0/package/package.json written
431 verbose afterAdd /Users/jeremyhu/.npm/iconv-lite/0.4.15/package/package.json written
432 verbose afterAdd /Users/jeremyhu/.npm/raw-body/2.2.0/package/package.json written
433 silly cache afterAdd debug@2.6.1
434 verbose afterAdd /Users/jeremyhu/.npm/debug/2.6.1/package/package.json not in flight; writing
435 verbose correctMkdir /Users/jeremyhu/.npm correctMkdir not in flight; initializing
436 verbose afterAdd /Users/jeremyhu/.npm/type-is/1.6.14/package/package.json written
437 verbose afterAdd /Users/jeremyhu/.npm/qs/6.4.0/package/package.json written
438 verbose afterAdd /Users/jeremyhu/.npm/debug/2.6.1/package/package.json written
439 silly fetchNamedPackageData ms
440 silly mapToRegistry name ms
441 silly mapToRegistry using default registry
442 silly mapToRegistry registry https://registry.npmjs.org/
443 silly mapToRegistry data Result {
443 silly mapToRegistry   raw: 'ms',
443 silly mapToRegistry   scope: null,
443 silly mapToRegistry   escapedName: 'ms',
443 silly mapToRegistry   name: 'ms',
443 silly mapToRegistry   rawSpec: '',
443 silly mapToRegistry   spec: 'latest',
443 silly mapToRegistry   type: 'tag' }
444 silly mapToRegistry uri https://registry.npmjs.org/ms
445 verbose request uri https://registry.npmjs.org/ms
446 verbose request no auth needed
447 info attempt registry request try #1 at 12:02:25 AM
448 verbose etag W/"58cefb73-35f2"
449 verbose lastModified Sun, 19 Mar 2017 21:43:15 GMT
450 http request GET https://registry.npmjs.org/ms
451 http 200 https://registry.npmjs.org/ms
452 verbose headers { server: 'nginx/1.10.1',
452 verbose headers   'content-type': 'application/json',
452 verbose headers   'last-modified': 'Sat, 25 Mar 2017 20:33:46 GMT',
452 verbose headers   etag: 'W/"58d6d42a-35e3"',
452 verbose headers   'content-encoding': 'gzip',
452 verbose headers   'cache-control': 'max-age=300',
452 verbose headers   'content-length': '3471',
452 verbose headers   'accept-ranges': 'bytes',
452 verbose headers   date: 'Wed, 29 Mar 2017 04:02:26 GMT',
452 verbose headers   via: '1.1 varnish',
452 verbose headers   age: '166',
452 verbose headers   connection: 'keep-alive',
452 verbose headers   'x-served-by': 'cache-iad2124-IAD',
452 verbose headers   'x-cache': 'HIT',
452 verbose headers   'x-cache-hits': '11',
452 verbose headers   'x-timer': 'S1490760146.087834,VS0,VE0',
452 verbose headers   vary: 'Accept-Encoding' }
453 silly get cb [ 200,
453 silly get   { server: 'nginx/1.10.1',
453 silly get     'content-type': 'application/json',
453 silly get     'last-modified': 'Sat, 25 Mar 2017 20:33:46 GMT',
453 silly get     etag: 'W/"58d6d42a-35e3"',
453 silly get     'content-encoding': 'gzip',
453 silly get     'cache-control': 'max-age=300',
453 silly get     'content-length': '3471',
453 silly get     'accept-ranges': 'bytes',
453 silly get     date: 'Wed, 29 Mar 2017 04:02:26 GMT',
453 silly get     via: '1.1 varnish',
453 silly get     age: '166',
453 silly get     connection: 'keep-alive',
453 silly get     'x-served-by': 'cache-iad2124-IAD',
453 silly get     'x-cache': 'HIT',
453 silly get     'x-cache-hits': '11',
453 silly get     'x-timer': 'S1490760146.087834,VS0,VE0',
453 silly get     vary: 'Accept-Encoding' } ]
454 verbose get saving ms to /Users/jeremyhu/.npm/registry.npmjs.org/ms/.cache.json
455 verbose correctMkdir /Users/jeremyhu/.npm correctMkdir not in flight; initializing
456 silly resolveWithNewModule ms@0.7.2 checking installable status
457 silly cache add args [ 'ms@0.7.2', null ]
458 verbose cache add spec ms@0.7.2
459 silly cache add parsed spec Result {
459 silly cache add   raw: 'ms@0.7.2',
459 silly cache add   scope: null,
459 silly cache add   escapedName: 'ms',
459 silly cache add   name: 'ms',
459 silly cache add   rawSpec: '0.7.2',
459 silly cache add   spec: '0.7.2',
459 silly cache add   type: 'version' }
460 silly addNamed ms@0.7.2
461 verbose addNamed "0.7.2" is a plain semver version for ms
462 silly mapToRegistry name ms
463 silly mapToRegistry using default registry
464 silly mapToRegistry registry https://registry.npmjs.org/
465 silly mapToRegistry data Result {
465 silly mapToRegistry   raw: 'ms',
465 silly mapToRegistry   scope: null,
465 silly mapToRegistry   escapedName: 'ms',
465 silly mapToRegistry   name: 'ms',
465 silly mapToRegistry   rawSpec: '',
465 silly mapToRegistry   spec: 'latest',
465 silly mapToRegistry   type: 'tag' }
466 silly mapToRegistry uri https://registry.npmjs.org/ms
467 verbose addNameVersion registry:https://registry.npmjs.org/ms not in flight; fetching
468 verbose get https://registry.npmjs.org/ms not expired, no request
469 silly cache afterAdd ms@0.7.2
470 verbose afterAdd /Users/jeremyhu/.npm/ms/0.7.2/package/package.json not in flight; writing
471 verbose correctMkdir /Users/jeremyhu/.npm correctMkdir not in flight; initializing
472 verbose afterAdd /Users/jeremyhu/.npm/ms/0.7.2/package/package.json written
473 silly fetchNamedPackageData inherits
474 silly mapToRegistry name inherits
475 silly mapToRegistry using default registry
476 silly mapToRegistry registry https://registry.npmjs.org/
477 silly mapToRegistry data Result {
477 silly mapToRegistry   raw: 'inherits',
477 silly mapToRegistry   scope: null,
477 silly mapToRegistry   escapedName: 'inherits',
477 silly mapToRegistry   name: 'inherits',
477 silly mapToRegistry   rawSpec: '',
477 silly mapToRegistry   spec: 'latest',
477 silly mapToRegistry   type: 'tag' }
478 silly mapToRegistry uri https://registry.npmjs.org/inherits
479 silly fetchNamedPackageData setprototypeof
480 silly mapToRegistry name setprototypeof
481 silly mapToRegistry using default registry
482 silly mapToRegistry registry https://registry.npmjs.org/
483 silly mapToRegistry data Result {
483 silly mapToRegistry   raw: 'setprototypeof',
483 silly mapToRegistry   scope: null,
483 silly mapToRegistry   escapedName: 'setprototypeof',
483 silly mapToRegistry   name: 'setprototypeof',
483 silly mapToRegistry   rawSpec: '',
483 silly mapToRegistry   spec: 'latest',
483 silly mapToRegistry   type: 'tag' }
484 silly mapToRegistry uri https://registry.npmjs.org/setprototypeof
485 silly fetchNamedPackageData statuses
486 silly mapToRegistry name statuses
487 silly mapToRegistry using default registry
488 silly mapToRegistry registry https://registry.npmjs.org/
489 silly mapToRegistry data Result {
489 silly mapToRegistry   raw: 'statuses',
489 silly mapToRegistry   scope: null,
489 silly mapToRegistry   escapedName: 'statuses',
489 silly mapToRegistry   name: 'statuses',
489 silly mapToRegistry   rawSpec: '',
489 silly mapToRegistry   spec: 'latest',
489 silly mapToRegistry   type: 'tag' }
490 silly mapToRegistry uri https://registry.npmjs.org/statuses
491 verbose request uri https://registry.npmjs.org/setprototypeof
492 verbose request no auth needed
493 info attempt registry request try #1 at 12:02:26 AM
494 verbose etag W/"58bfcb94-163f"
495 verbose lastModified Wed, 08 Mar 2017 09:15:00 GMT
496 http request GET https://registry.npmjs.org/setprototypeof
497 verbose request uri https://registry.npmjs.org/inherits
498 verbose request no auth needed
499 info attempt registry request try #1 at 12:02:26 AM
500 verbose etag W/"5881edff-2213"
501 verbose lastModified Fri, 20 Jan 2017 11:01:19 GMT
502 http request GET https://registry.npmjs.org/inherits
503 verbose request uri https://registry.npmjs.org/statuses
504 verbose request no auth needed
505 info attempt registry request try #1 at 12:02:26 AM
506 verbose etag W/"58cb5993-4938"
507 verbose lastModified Fri, 17 Mar 2017 03:35:47 GMT
508 http request GET https://registry.npmjs.org/statuses
509 http 304 https://registry.npmjs.org/setprototypeof
510 verbose headers { date: 'Wed, 29 Mar 2017 04:02:26 GMT',
510 verbose headers   via: '1.1 varnish',
510 verbose headers   'cache-control': 'max-age=300',
510 verbose headers   etag: 'W/"58bfcb94-163f"',
510 verbose headers   age: '39',
510 verbose headers   connection: 'keep-alive',
510 verbose headers   'x-served-by': 'cache-iad2641-IAD',
510 verbose headers   'x-cache': 'HIT',
510 verbose headers   'x-cache-hits': '3',
510 verbose headers   'x-timer': 'S1490760146.102194,VS0,VE0',
510 verbose headers   vary: 'Accept-Encoding' }
511 silly get cb [ 304,
511 silly get   { date: 'Wed, 29 Mar 2017 04:02:26 GMT',
511 silly get     via: '1.1 varnish',
511 silly get     'cache-control': 'max-age=300',
511 silly get     etag: 'W/"58bfcb94-163f"',
511 silly get     age: '39',
511 silly get     connection: 'keep-alive',
511 silly get     'x-served-by': 'cache-iad2641-IAD',
511 silly get     'x-cache': 'HIT',
511 silly get     'x-cache-hits': '3',
511 silly get     'x-timer': 'S1490760146.102194,VS0,VE0',
511 silly get     vary: 'Accept-Encoding' } ]
512 verbose etag https://registry.npmjs.org/setprototypeof from cache
513 verbose get saving setprototypeof to /Users/jeremyhu/.npm/registry.npmjs.org/setprototypeof/.cache.json
514 verbose correctMkdir /Users/jeremyhu/.npm correctMkdir not in flight; initializing
515 http 304 https://registry.npmjs.org/inherits
516 verbose headers { date: 'Wed, 29 Mar 2017 04:02:26 GMT',
516 verbose headers   via: '1.1 varnish',
516 verbose headers   'cache-control': 'max-age=300',
516 verbose headers   etag: 'W/"5881edff-2213"',
516 verbose headers   age: '96',
516 verbose headers   connection: 'keep-alive',
516 verbose headers   'x-served-by': 'cache-iad2132-IAD',
516 verbose headers   'x-cache': 'HIT',
516 verbose headers   'x-cache-hits': '11',
516 verbose headers   'x-timer': 'S1490760146.108648,VS0,VE0',
516 verbose headers   vary: 'Accept-Encoding' }
517 silly get cb [ 304,
517 silly get   { date: 'Wed, 29 Mar 2017 04:02:26 GMT',
517 silly get     via: '1.1 varnish',
517 silly get     'cache-control': 'max-age=300',
517 silly get     etag: 'W/"5881edff-2213"',
517 silly get     age: '96',
517 silly get     connection: 'keep-alive',
517 silly get     'x-served-by': 'cache-iad2132-IAD',
517 silly get     'x-cache': 'HIT',
517 silly get     'x-cache-hits': '11',
517 silly get     'x-timer': 'S1490760146.108648,VS0,VE0',
517 silly get     vary: 'Accept-Encoding' } ]
518 verbose etag https://registry.npmjs.org/inherits from cache
519 verbose get saving inherits to /Users/jeremyhu/.npm/registry.npmjs.org/inherits/.cache.json
520 verbose correctMkdir /Users/jeremyhu/.npm correctMkdir not in flight; initializing
521 http 304 https://registry.npmjs.org/statuses
522 verbose headers { date: 'Wed, 29 Mar 2017 04:02:26 GMT',
522 verbose headers   via: '1.1 varnish',
522 verbose headers   'cache-control': 'max-age=300',
522 verbose headers   etag: 'W/"58cb5993-4938"',
522 verbose headers   age: '143',
522 verbose headers   connection: 'keep-alive',
522 verbose headers   'x-served-by': 'cache-iad2635-IAD',
522 verbose headers   'x-cache': 'HIT',
522 verbose headers   'x-cache-hits': '4',
522 verbose headers   'x-timer': 'S1490760146.102526,VS0,VE0',
522 verbose headers   vary: 'Accept-Encoding' }
523 silly get cb [ 304,
523 silly get   { date: 'Wed, 29 Mar 2017 04:02:26 GMT',
523 silly get     via: '1.1 varnish',
523 silly get     'cache-control': 'max-age=300',
523 silly get     etag: 'W/"58cb5993-4938"',
523 silly get     age: '143',
523 silly get     connection: 'keep-alive',
523 silly get     'x-served-by': 'cache-iad2635-IAD',
523 silly get     'x-cache': 'HIT',
523 silly get     'x-cache-hits': '4',
523 silly get     'x-timer': 'S1490760146.102526,VS0,VE0',
523 silly get     vary: 'Accept-Encoding' } ]
524 verbose etag https://registry.npmjs.org/statuses from cache
525 verbose get saving statuses to /Users/jeremyhu/.npm/registry.npmjs.org/statuses/.cache.json
526 verbose correctMkdir /Users/jeremyhu/.npm correctMkdir not in flight; initializing
527 silly resolveWithNewModule statuses@1.3.1 checking installable status
528 silly cache add args [ 'statuses@>= 1.3.1 < 2', null ]
529 verbose cache add spec statuses@>= 1.3.1 < 2
530 silly cache add parsed spec Result {
530 silly cache add   raw: 'statuses@>= 1.3.1 < 2',
530 silly cache add   scope: null,
530 silly cache add   escapedName: 'statuses',
530 silly cache add   name: 'statuses',
530 silly cache add   rawSpec: '>= 1.3.1 < 2',
530 silly cache add   spec: '>=1.3.1 <2.0.0',
530 silly cache add   type: 'range' }
531 silly addNamed statuses@>=1.3.1 <2.0.0
532 verbose addNamed ">=1.3.1 <2.0.0" is a valid semver range for statuses
533 silly addNameRange { name: 'statuses', range: '>=1.3.1 <2.0.0', hasData: false }
534 silly mapToRegistry name statuses
535 silly mapToRegistry using default registry
536 silly mapToRegistry registry https://registry.npmjs.org/
537 silly mapToRegistry data Result {
537 silly mapToRegistry   raw: 'statuses',
537 silly mapToRegistry   scope: null,
537 silly mapToRegistry   escapedName: 'statuses',
537 silly mapToRegistry   name: 'statuses',
537 silly mapToRegistry   rawSpec: '',
537 silly mapToRegistry   spec: 'latest',
537 silly mapToRegistry   type: 'tag' }
538 silly mapToRegistry uri https://registry.npmjs.org/statuses
539 verbose addNameRange registry:https://registry.npmjs.org/statuses not in flight; fetching
540 silly resolveWithNewModule setprototypeof@1.0.3 checking installable status
541 silly cache add args [ 'setprototypeof@1.0.3', null ]
542 verbose cache add spec setprototypeof@1.0.3
543 silly cache add parsed spec Result {
543 silly cache add   raw: 'setprototypeof@1.0.3',
543 silly cache add   scope: null,
543 silly cache add   escapedName: 'setprototypeof',
543 silly cache add   name: 'setprototypeof',
543 silly cache add   rawSpec: '1.0.3',
543 silly cache add   spec: '1.0.3',
543 silly cache add   type: 'version' }
544 silly addNamed setprototypeof@1.0.3
545 verbose addNamed "1.0.3" is a plain semver version for setprototypeof
546 silly mapToRegistry name setprototypeof
547 silly mapToRegistry using default registry
548 silly mapToRegistry registry https://registry.npmjs.org/
549 silly mapToRegistry data Result {
549 silly mapToRegistry   raw: 'setprototypeof',
549 silly mapToRegistry   scope: null,
549 silly mapToRegistry   escapedName: 'setprototypeof',
549 silly mapToRegistry   name: 'setprototypeof',
549 silly mapToRegistry   rawSpec: '',
549 silly mapToRegistry   spec: 'latest',
549 silly mapToRegistry   type: 'tag' }
550 silly mapToRegistry uri https://registry.npmjs.org/setprototypeof
551 verbose addNameVersion registry:https://registry.npmjs.org/setprototypeof not in flight; fetching
552 silly resolveWithNewModule inherits@2.0.3 checking installable status
553 silly cache add args [ 'inherits@2.0.3', null ]
554 verbose cache add spec inherits@2.0.3
555 silly cache add parsed spec Result {
555 silly cache add   raw: 'inherits@2.0.3',
555 silly cache add   scope: null,
555 silly cache add   escapedName: 'inherits',
555 silly cache add   name: 'inherits',
555 silly cache add   rawSpec: '2.0.3',
555 silly cache add   spec: '2.0.3',
555 silly cache add   type: 'version' }
556 silly addNamed inherits@2.0.3
557 verbose addNamed "2.0.3" is a plain semver version for inherits
558 silly mapToRegistry name inherits
559 silly mapToRegistry using default registry
560 silly mapToRegistry registry https://registry.npmjs.org/
561 silly mapToRegistry data Result {
561 silly mapToRegistry   raw: 'inherits',
561 silly mapToRegistry   scope: null,
561 silly mapToRegistry   escapedName: 'inherits',
561 silly mapToRegistry   name: 'inherits',
561 silly mapToRegistry   rawSpec: '',
561 silly mapToRegistry   spec: 'latest',
561 silly mapToRegistry   type: 'tag' }
562 silly mapToRegistry uri https://registry.npmjs.org/inherits
563 verbose addNameVersion registry:https://registry.npmjs.org/inherits not in flight; fetching
564 verbose get https://registry.npmjs.org/statuses not expired, no request
565 silly addNameRange number 2 { name: 'statuses', range: '>=1.3.1 <2.0.0', hasData: true }
566 silly addNameRange versions [ 'statuses',
566 silly addNameRange   [ '1.0.1',
566 silly addNameRange     '1.0.2',
566 silly addNameRange     '1.0.3',
566 silly addNameRange     '1.0.4',
566 silly addNameRange     '1.1.0',
566 silly addNameRange     '1.1.1',
566 silly addNameRange     '1.2.0',
566 silly addNameRange     '1.2.1',
566 silly addNameRange     '1.3.0',
566 silly addNameRange     '1.3.1' ] ]
567 silly addNamed statuses@1.3.1
568 verbose addNamed "1.3.1" is a plain semver version for statuses
569 verbose get https://registry.npmjs.org/setprototypeof not expired, no request
570 verbose get https://registry.npmjs.org/inherits not expired, no request
571 silly cache afterAdd setprototypeof@1.0.3
572 verbose afterAdd /Users/jeremyhu/.npm/setprototypeof/1.0.3/package/package.json not in flight; writing
573 verbose correctMkdir /Users/jeremyhu/.npm correctMkdir not in flight; initializing
574 silly cache afterAdd statuses@1.3.1
575 verbose afterAdd /Users/jeremyhu/.npm/statuses/1.3.1/package/package.json not in flight; writing
576 verbose correctMkdir /Users/jeremyhu/.npm correctMkdir not in flight; initializing
577 silly cache afterAdd inherits@2.0.3
578 verbose afterAdd /Users/jeremyhu/.npm/inherits/2.0.3/package/package.json not in flight; writing
579 verbose correctMkdir /Users/jeremyhu/.npm correctMkdir not in flight; initializing
580 verbose afterAdd /Users/jeremyhu/.npm/inherits/2.0.3/package/package.json written
581 verbose afterAdd /Users/jeremyhu/.npm/statuses/1.3.1/package/package.json written
582 verbose afterAdd /Users/jeremyhu/.npm/setprototypeof/1.0.3/package/package.json written
583 silly fetchNamedPackageData ee-first
584 silly mapToRegistry name ee-first
585 silly mapToRegistry using default registry
586 silly mapToRegistry registry https://registry.npmjs.org/
587 silly mapToRegistry data Result {
587 silly mapToRegistry   raw: 'ee-first',
587 silly mapToRegistry   scope: null,
587 silly mapToRegistry   escapedName: 'ee-first',
587 silly mapToRegistry   name: 'ee-first',
587 silly mapToRegistry   rawSpec: '',
587 silly mapToRegistry   spec: 'latest',
587 silly mapToRegistry   type: 'tag' }
588 silly mapToRegistry uri https://registry.npmjs.org/ee-first
589 verbose request uri https://registry.npmjs.org/ee-first
590 verbose request no auth needed
591 info attempt registry request try #1 at 12:02:26 AM
592 verbose etag W/"5818ce5a-3351"
593 verbose lastModified Tue, 01 Nov 2016 17:18:18 GMT
594 http request GET https://registry.npmjs.org/ee-first
595 http 304 https://registry.npmjs.org/ee-first
596 verbose headers { date: 'Wed, 29 Mar 2017 04:02:26 GMT',
596 verbose headers   via: '1.1 varnish',
596 verbose headers   'cache-control': 'max-age=300',
596 verbose headers   etag: 'W/"5818ce5a-3351"',
596 verbose headers   age: '44',
596 verbose headers   connection: 'keep-alive',
596 verbose headers   'x-served-by': 'cache-iad2647-IAD',
596 verbose headers   'x-cache': 'HIT',
596 verbose headers   'x-cache-hits': '1',
596 verbose headers   'x-timer': 'S1490760146.136825,VS0,VE0',
596 verbose headers   vary: 'Accept-Encoding' }
597 silly get cb [ 304,
597 silly get   { date: 'Wed, 29 Mar 2017 04:02:26 GMT',
597 silly get     via: '1.1 varnish',
597 silly get     'cache-control': 'max-age=300',
597 silly get     etag: 'W/"5818ce5a-3351"',
597 silly get     age: '44',
597 silly get     connection: 'keep-alive',
597 silly get     'x-served-by': 'cache-iad2647-IAD',
597 silly get     'x-cache': 'HIT',
597 silly get     'x-cache-hits': '1',
597 silly get     'x-timer': 'S1490760146.136825,VS0,VE0',
597 silly get     vary: 'Accept-Encoding' } ]
598 verbose etag https://registry.npmjs.org/ee-first from cache
599 verbose get saving ee-first to /Users/jeremyhu/.npm/registry.npmjs.org/ee-first/.cache.json
600 verbose correctMkdir /Users/jeremyhu/.npm correctMkdir not in flight; initializing
601 silly resolveWithNewModule ee-first@1.1.1 checking installable status
602 silly cache add args [ 'ee-first@1.1.1', null ]
603 verbose cache add spec ee-first@1.1.1
604 silly cache add parsed spec Result {
604 silly cache add   raw: 'ee-first@1.1.1',
604 silly cache add   scope: null,
604 silly cache add   escapedName: 'ee-first',
604 silly cache add   name: 'ee-first',
604 silly cache add   rawSpec: '1.1.1',
604 silly cache add   spec: '1.1.1',
604 silly cache add   type: 'version' }
605 silly addNamed ee-first@1.1.1
606 verbose addNamed "1.1.1" is a plain semver version for ee-first
607 silly mapToRegistry name ee-first
608 silly mapToRegistry using default registry
609 silly mapToRegistry registry https://registry.npmjs.org/
610 silly mapToRegistry data Result {
610 silly mapToRegistry   raw: 'ee-first',
610 silly mapToRegistry   scope: null,
610 silly mapToRegistry   escapedName: 'ee-first',
610 silly mapToRegistry   name: 'ee-first',
610 silly mapToRegistry   rawSpec: '',
610 silly mapToRegistry   spec: 'latest',
610 silly mapToRegistry   type: 'tag' }
611 silly mapToRegistry uri https://registry.npmjs.org/ee-first
612 verbose addNameVersion registry:https://registry.npmjs.org/ee-first not in flight; fetching
613 verbose get https://registry.npmjs.org/ee-first not expired, no request
614 silly cache afterAdd ee-first@1.1.1
615 verbose afterAdd /Users/jeremyhu/.npm/ee-first/1.1.1/package/package.json not in flight; writing
616 verbose correctMkdir /Users/jeremyhu/.npm correctMkdir not in flight; initializing
617 verbose afterAdd /Users/jeremyhu/.npm/ee-first/1.1.1/package/package.json written
618 silly fetchNamedPackageData unpipe
619 silly mapToRegistry name unpipe
620 silly mapToRegistry using default registry
621 silly mapToRegistry registry https://registry.npmjs.org/
622 silly mapToRegistry data Result {
622 silly mapToRegistry   raw: 'unpipe',
622 silly mapToRegistry   scope: null,
622 silly mapToRegistry   escapedName: 'unpipe',
622 silly mapToRegistry   name: 'unpipe',
622 silly mapToRegistry   rawSpec: '',
622 silly mapToRegistry   spec: 'latest',
622 silly mapToRegistry   type: 'tag' }
623 silly mapToRegistry uri https://registry.npmjs.org/unpipe
624 verbose request uri https://registry.npmjs.org/unpipe
625 verbose request no auth needed
626 info attempt registry request try #1 at 12:02:26 AM
627 verbose etag W/"56b39942-ccf"
628 verbose lastModified Thu, 04 Feb 2016 18:32:34 GMT
629 http request GET https://registry.npmjs.org/unpipe
630 http 304 https://registry.npmjs.org/unpipe
631 verbose headers { date: 'Wed, 29 Mar 2017 04:02:26 GMT',
631 verbose headers   via: '1.1 varnish',
631 verbose headers   'cache-control': 'max-age=300',
631 verbose headers   etag: 'W/"56b39942-ccf"',
631 verbose headers   age: '42',
631 verbose headers   connection: 'keep-alive',
631 verbose headers   'x-served-by': 'cache-iad2128-IAD',
631 verbose headers   'x-cache': 'HIT',
631 verbose headers   'x-cache-hits': '2',
631 verbose headers   'x-timer': 'S1490760146.152276,VS0,VE0',
631 verbose headers   vary: 'Accept-Encoding' }
632 silly get cb [ 304,
632 silly get   { date: 'Wed, 29 Mar 2017 04:02:26 GMT',
632 silly get     via: '1.1 varnish',
632 silly get     'cache-control': 'max-age=300',
632 silly get     etag: 'W/"56b39942-ccf"',
632 silly get     age: '42',
632 silly get     connection: 'keep-alive',
632 silly get     'x-served-by': 'cache-iad2128-IAD',
632 silly get     'x-cache': 'HIT',
632 silly get     'x-cache-hits': '2',
632 silly get     'x-timer': 'S1490760146.152276,VS0,VE0',
632 silly get     vary: 'Accept-Encoding' } ]
633 verbose etag https://registry.npmjs.org/unpipe from cache
634 verbose get saving unpipe to /Users/jeremyhu/.npm/registry.npmjs.org/unpipe/.cache.json
635 verbose correctMkdir /Users/jeremyhu/.npm correctMkdir not in flight; initializing
636 silly resolveWithNewModule unpipe@1.0.0 checking installable status
637 silly cache add args [ 'unpipe@1.0.0', null ]
638 verbose cache add spec unpipe@1.0.0
639 silly cache add parsed spec Result {
639 silly cache add   raw: 'unpipe@1.0.0',
639 silly cache add   scope: null,
639 silly cache add   escapedName: 'unpipe',
639 silly cache add   name: 'unpipe',
639 silly cache add   rawSpec: '1.0.0',
639 silly cache add   spec: '1.0.0',
639 silly cache add   type: 'version' }
640 silly addNamed unpipe@1.0.0
641 verbose addNamed "1.0.0" is a plain semver version for unpipe
642 silly mapToRegistry name unpipe
643 silly mapToRegistry using default registry
644 silly mapToRegistry registry https://registry.npmjs.org/
645 silly mapToRegistry data Result {
645 silly mapToRegistry   raw: 'unpipe',
645 silly mapToRegistry   scope: null,
645 silly mapToRegistry   escapedName: 'unpipe',
645 silly mapToRegistry   name: 'unpipe',
645 silly mapToRegistry   rawSpec: '',
645 silly mapToRegistry   spec: 'latest',
645 silly mapToRegistry   type: 'tag' }
646 silly mapToRegistry uri https://registry.npmjs.org/unpipe
647 verbose addNameVersion registry:https://registry.npmjs.org/unpipe not in flight; fetching
648 verbose get https://registry.npmjs.org/unpipe not expired, no request
649 silly cache afterAdd unpipe@1.0.0
650 verbose afterAdd /Users/jeremyhu/.npm/unpipe/1.0.0/package/package.json not in flight; writing
651 verbose correctMkdir /Users/jeremyhu/.npm correctMkdir not in flight; initializing
652 verbose afterAdd /Users/jeremyhu/.npm/unpipe/1.0.0/package/package.json written
653 silly fetchNamedPackageData media-typer
654 silly mapToRegistry name media-typer
655 silly mapToRegistry using default registry
656 silly mapToRegistry registry https://registry.npmjs.org/
657 silly mapToRegistry data Result {
657 silly mapToRegistry   raw: 'media-typer',
657 silly mapToRegistry   scope: null,
657 silly mapToRegistry   escapedName: 'media-typer',
657 silly mapToRegistry   name: 'media-typer',
657 silly mapToRegistry   rawSpec: '',
657 silly mapToRegistry   spec: 'latest',
657 silly mapToRegistry   type: 'tag' }
658 silly mapToRegistry uri https://registry.npmjs.org/media-typer
659 silly fetchNamedPackageData mime-types
660 silly mapToRegistry name mime-types
661 silly mapToRegistry using default registry
662 silly mapToRegistry registry https://registry.npmjs.org/
663 silly mapToRegistry data Result {
663 silly mapToRegistry   raw: 'mime-types',
663 silly mapToRegistry   scope: null,
663 silly mapToRegistry   escapedName: 'mime-types',
663 silly mapToRegistry   name: 'mime-types',
663 silly mapToRegistry   rawSpec: '',
663 silly mapToRegistry   spec: 'latest',
663 silly mapToRegistry   type: 'tag' }
664 silly mapToRegistry uri https://registry.npmjs.org/mime-types
665 verbose request uri https://registry.npmjs.org/media-typer
666 verbose request no auth needed
667 info attempt registry request try #1 at 12:02:26 AM
668 verbose etag W/"5818d5d1-1ec2"
669 verbose lastModified Tue, 01 Nov 2016 17:50:09 GMT
670 http request GET https://registry.npmjs.org/media-typer
671 verbose request uri https://registry.npmjs.org/mime-types
672 verbose request no auth needed
673 info attempt registry request try #1 at 12:02:26 AM
674 verbose etag W/"58bd342a-e8b3"
675 verbose lastModified Mon, 06 Mar 2017 10:04:26 GMT
676 http request GET https://registry.npmjs.org/mime-types
677 http 304 https://registry.npmjs.org/media-typer
678 verbose headers { date: 'Wed, 29 Mar 2017 04:02:26 GMT',
678 verbose headers   via: '1.1 varnish',
678 verbose headers   'cache-control': 'max-age=300',
678 verbose headers   etag: 'W/"5818d5d1-1ec2"',
678 verbose headers   age: '225',
678 verbose headers   connection: 'keep-alive',
678 verbose headers   'x-served-by': 'cache-iad2120-IAD',
678 verbose headers   'x-cache': 'HIT',
678 verbose headers   'x-cache-hits': '6',
678 verbose headers   'x-timer': 'S1490760146.174090,VS0,VE0',
678 verbose headers   vary: 'Accept-Encoding' }
679 silly get cb [ 304,
679 silly get   { date: 'Wed, 29 Mar 2017 04:02:26 GMT',
679 silly get     via: '1.1 varnish',
679 silly get     'cache-control': 'max-age=300',
679 silly get     etag: 'W/"5818d5d1-1ec2"',
679 silly get     age: '225',
679 silly get     connection: 'keep-alive',
679 silly get     'x-served-by': 'cache-iad2120-IAD',
679 silly get     'x-cache': 'HIT',
679 silly get     'x-cache-hits': '6',
679 silly get     'x-timer': 'S1490760146.174090,VS0,VE0',
679 silly get     vary: 'Accept-Encoding' } ]
680 verbose etag https://registry.npmjs.org/media-typer from cache
681 verbose get saving media-typer to /Users/jeremyhu/.npm/registry.npmjs.org/media-typer/.cache.json
682 verbose correctMkdir /Users/jeremyhu/.npm correctMkdir not in flight; initializing
683 silly resolveWithNewModule media-typer@0.3.0 checking installable status
684 silly cache add args [ 'media-typer@0.3.0', null ]
685 verbose cache add spec media-typer@0.3.0
686 silly cache add parsed spec Result {
686 silly cache add   raw: 'media-typer@0.3.0',
686 silly cache add   scope: null,
686 silly cache add   escapedName: 'media-typer',
686 silly cache add   name: 'media-typer',
686 silly cache add   rawSpec: '0.3.0',
686 silly cache add   spec: '0.3.0',
686 silly cache add   type: 'version' }
687 silly addNamed media-typer@0.3.0
688 verbose addNamed "0.3.0" is a plain semver version for media-typer
689 silly mapToRegistry name media-typer
690 silly mapToRegistry using default registry
691 silly mapToRegistry registry https://registry.npmjs.org/
692 silly mapToRegistry data Result {
692 silly mapToRegistry   raw: 'media-typer',
692 silly mapToRegistry   scope: null,
692 silly mapToRegistry   escapedName: 'media-typer',
692 silly mapToRegistry   name: 'media-typer',
692 silly mapToRegistry   rawSpec: '',
692 silly mapToRegistry   spec: 'latest',
692 silly mapToRegistry   type: 'tag' }
693 silly mapToRegistry uri https://registry.npmjs.org/media-typer
694 verbose addNameVersion registry:https://registry.npmjs.org/media-typer not in flight; fetching
695 verbose get https://registry.npmjs.org/media-typer not expired, no request
696 silly cache afterAdd media-typer@0.3.0
697 verbose afterAdd /Users/jeremyhu/.npm/media-typer/0.3.0/package/package.json not in flight; writing
698 verbose correctMkdir /Users/jeremyhu/.npm correctMkdir not in flight; initializing
699 verbose afterAdd /Users/jeremyhu/.npm/media-typer/0.3.0/package/package.json written
700 http 200 https://registry.npmjs.org/mime-types
701 verbose headers { server: 'nginx/1.10.1',
701 verbose headers   'content-type': 'application/json',
701 verbose headers   'last-modified': 'Fri, 24 Mar 2017 03:55:55 GMT',
701 verbose headers   etag: 'W/"58d498cb-f113"',
701 verbose headers   'content-encoding': 'gzip',
701 verbose headers   'cache-control': 'max-age=300',
701 verbose headers   'content-length': '6510',
701 verbose headers   'accept-ranges': 'bytes',
701 verbose headers   date: 'Wed, 29 Mar 2017 04:02:26 GMT',
701 verbose headers   via: '1.1 varnish',
701 verbose headers   age: '27',
701 verbose headers   connection: 'keep-alive',
701 verbose headers   'x-served-by': 'cache-iad2628-IAD',
701 verbose headers   'x-cache': 'HIT',
701 verbose headers   'x-cache-hits': '3',
701 verbose headers   'x-timer': 'S1490760146.174937,VS0,VE0',
701 verbose headers   vary: 'Accept-Encoding' }
702 silly get cb [ 200,
702 silly get   { server: 'nginx/1.10.1',
702 silly get     'content-type': 'application/json',
702 silly get     'last-modified': 'Fri, 24 Mar 2017 03:55:55 GMT',
702 silly get     etag: 'W/"58d498cb-f113"',
702 silly get     'content-encoding': 'gzip',
702 silly get     'cache-control': 'max-age=300',
702 silly get     'content-length': '6510',
702 silly get     'accept-ranges': 'bytes',
702 silly get     date: 'Wed, 29 Mar 2017 04:02:26 GMT',
702 silly get     via: '1.1 varnish',
702 silly get     age: '27',
702 silly get     connection: 'keep-alive',
702 silly get     'x-served-by': 'cache-iad2628-IAD',
702 silly get     'x-cache': 'HIT',
702 silly get     'x-cache-hits': '3',
702 silly get     'x-timer': 'S1490760146.174937,VS0,VE0',
702 silly get     vary: 'Accept-Encoding' } ]
703 verbose get saving mime-types to /Users/jeremyhu/.npm/registry.npmjs.org/mime-types/.cache.json
704 verbose correctMkdir /Users/jeremyhu/.npm correctMkdir not in flight; initializing
705 silly resolveWithNewModule mime-types@2.1.15 checking installable status
706 silly cache add args [ 'mime-types@~2.1.13', null ]
707 verbose cache add spec mime-types@~2.1.13
708 silly cache add parsed spec Result {
708 silly cache add   raw: 'mime-types@~2.1.13',
708 silly cache add   scope: null,
708 silly cache add   escapedName: 'mime-types',
708 silly cache add   name: 'mime-types',
708 silly cache add   rawSpec: '~2.1.13',
708 silly cache add   spec: '>=2.1.13 <2.2.0',
708 silly cache add   type: 'range' }
709 silly addNamed mime-types@>=2.1.13 <2.2.0
710 verbose addNamed ">=2.1.13 <2.2.0" is a valid semver range for mime-types
711 silly addNameRange { name: 'mime-types', range: '>=2.1.13 <2.2.0', hasData: false }
712 silly mapToRegistry name mime-types
713 silly mapToRegistry using default registry
714 silly mapToRegistry registry https://registry.npmjs.org/
715 silly mapToRegistry data Result {
715 silly mapToRegistry   raw: 'mime-types',
715 silly mapToRegistry   scope: null,
715 silly mapToRegistry   escapedName: 'mime-types',
715 silly mapToRegistry   name: 'mime-types',
715 silly mapToRegistry   rawSpec: '',
715 silly mapToRegistry   spec: 'latest',
715 silly mapToRegistry   type: 'tag' }
716 silly mapToRegistry uri https://registry.npmjs.org/mime-types
717 verbose addNameRange registry:https://registry.npmjs.org/mime-types not in flight; fetching
718 verbose get https://registry.npmjs.org/mime-types not expired, no request
719 silly addNameRange number 2 { name: 'mime-types', range: '>=2.1.13 <2.2.0', hasData: true }
720 silly addNameRange versions [ 'mime-types',
720 silly addNameRange   [ '0.1.0',
720 silly addNameRange     '1.0.0',
720 silly addNameRange     '1.0.1',
720 silly addNameRange     '1.0.2',
720 silly addNameRange     '2.0.0',
720 silly addNameRange     '2.0.1',
720 silly addNameRange     '2.0.2',
720 silly addNameRange     '2.0.3',
720 silly addNameRange     '2.0.4',
720 silly addNameRange     '2.0.5',
720 silly addNameRange     '2.0.6',
720 silly addNameRange     '2.0.7',
720 silly addNameRange     '2.0.8',
720 silly addNameRange     '2.0.9',
720 silly addNameRange     '2.0.10',
720 silly addNameRange     '2.0.11',
720 silly addNameRange     '2.0.12',
720 silly addNameRange     '2.0.13',
720 silly addNameRange     '2.0.14',
720 silly addNameRange     '2.1.0',
720 silly addNameRange     '2.1.1',
720 silly addNameRange     '2.1.2',
720 silly addNameRange     '2.1.3',
720 silly addNameRange     '2.1.4',
720 silly addNameRange     '2.1.5',
720 silly addNameRange     '2.1.6',
720 silly addNameRange     '2.1.7',
720 silly addNameRange     '2.1.8',
720 silly addNameRange     '2.1.9',
720 silly addNameRange     '2.1.10',
720 silly addNameRange     '2.1.11',
720 silly addNameRange     '2.1.12',
720 silly addNameRange     '2.1.13',
720 silly addNameRange     '2.1.14',
720 silly addNameRange     '2.1.15' ] ]
721 silly addNamed mime-types@2.1.15
722 verbose addNamed "2.1.15" is a plain semver version for mime-types
723 silly mapToRegistry name mime-types
724 silly mapToRegistry using default registry
725 silly mapToRegistry registry https://registry.npmjs.org/
726 silly mapToRegistry data Result {
726 silly mapToRegistry   raw: 'mime-types',
726 silly mapToRegistry   scope: null,
726 silly mapToRegistry   escapedName: 'mime-types',
726 silly mapToRegistry   name: 'mime-types',
726 silly mapToRegistry   rawSpec: '',
726 silly mapToRegistry   spec: 'latest',
726 silly mapToRegistry   type: 'tag' }
727 silly mapToRegistry uri https://registry.npmjs.org/mime-types
728 verbose addRemoteTarball https://registry.npmjs.org/mime-types/-/mime-types-2.1.15.tgz not in flight; adding
729 verbose addRemoteTarball [ 'https://registry.npmjs.org/mime-types/-/mime-types-2.1.15.tgz',
729 verbose addRemoteTarball   'a4ebf5064094569237b8cf70046776d09fc92aed' ]
730 info retry fetch attempt 1 at 12:02:26 AM
731 info attempt registry request try #1 at 12:02:26 AM
732 http fetch GET https://registry.npmjs.org/mime-types/-/mime-types-2.1.15.tgz
733 http fetch 200 https://registry.npmjs.org/mime-types/-/mime-types-2.1.15.tgz
734 silly fetchAndShaCheck shasum a4ebf5064094569237b8cf70046776d09fc92aed
735 verbose addTmpTarball /var/folders/kk/x6zrm4r120z16krfc5s_n2yr0000gn/T/npm-21105-55be68f0/registry.npmjs.org/mime-types/-/mime-types-2.1.15.tgz not in flight; adding
736 verbose addTmpTarball already have metadata; skipping unpack for mime-types@2.1.15
737 verbose correctMkdir /Users/jeremyhu/.npm correctMkdir not in flight; initializing
738 silly cache afterAdd mime-types@2.1.15
739 verbose afterAdd /Users/jeremyhu/.npm/mime-types/2.1.15/package/package.json not in flight; writing
740 verbose correctMkdir /Users/jeremyhu/.npm correctMkdir not in flight; initializing
741 verbose afterAdd /Users/jeremyhu/.npm/mime-types/2.1.15/package/package.json written
742 silly fetchNamedPackageData mime-db
743 silly mapToRegistry name mime-db
744 silly mapToRegistry using default registry
745 silly mapToRegistry registry https://registry.npmjs.org/
746 silly mapToRegistry data Result {
746 silly mapToRegistry   raw: 'mime-db',
746 silly mapToRegistry   scope: null,
746 silly mapToRegistry   escapedName: 'mime-db',
746 silly mapToRegistry   name: 'mime-db',
746 silly mapToRegistry   rawSpec: '',
746 silly mapToRegistry   spec: 'latest',
746 silly mapToRegistry   type: 'tag' }
747 silly mapToRegistry uri https://registry.npmjs.org/mime-db
748 verbose request uri https://registry.npmjs.org/mime-db
749 verbose request no auth needed
750 info attempt registry request try #1 at 12:02:26 AM
751 verbose etag W/"58cb5bbb-11273"
752 verbose lastModified Fri, 17 Mar 2017 03:44:59 GMT
753 http request GET https://registry.npmjs.org/mime-db
754 http 304 https://registry.npmjs.org/mime-db
755 verbose headers { date: 'Wed, 29 Mar 2017 04:02:26 GMT',
755 verbose headers   via: '1.1 varnish',
755 verbose headers   'cache-control': 'max-age=300',
755 verbose headers   etag: 'W/"58cb5bbb-11273"',
755 verbose headers   age: '45',
755 verbose headers   connection: 'keep-alive',
755 verbose headers   'x-served-by': 'cache-iad2124-IAD',
755 verbose headers   'x-cache': 'HIT',
755 verbose headers   'x-cache-hits': '5',
755 verbose headers   'x-timer': 'S1490760146.243242,VS0,VE0',
755 verbose headers   vary: 'Accept-Encoding' }
756 silly get cb [ 304,
756 silly get   { date: 'Wed, 29 Mar 2017 04:02:26 GMT',
756 silly get     via: '1.1 varnish',
756 silly get     'cache-control': 'max-age=300',
756 silly get     etag: 'W/"58cb5bbb-11273"',
756 silly get     age: '45',
756 silly get     connection: 'keep-alive',
756 silly get     'x-served-by': 'cache-iad2124-IAD',
756 silly get     'x-cache': 'HIT',
756 silly get     'x-cache-hits': '5',
756 silly get     'x-timer': 'S1490760146.243242,VS0,VE0',
756 silly get     vary: 'Accept-Encoding' } ]
757 verbose etag https://registry.npmjs.org/mime-db from cache
758 verbose get saving mime-db to /Users/jeremyhu/.npm/registry.npmjs.org/mime-db/.cache.json
759 verbose correctMkdir /Users/jeremyhu/.npm correctMkdir not in flight; initializing
760 silly resolveWithNewModule mime-db@1.27.0 checking installable status
761 silly cache add args [ 'mime-db@~1.27.0', null ]
762 verbose cache add spec mime-db@~1.27.0
763 silly cache add parsed spec Result {
763 silly cache add   raw: 'mime-db@~1.27.0',
763 silly cache add   scope: null,
763 silly cache add   escapedName: 'mime-db',
763 silly cache add   name: 'mime-db',
763 silly cache add   rawSpec: '~1.27.0',
763 silly cache add   spec: '>=1.27.0 <1.28.0',
763 silly cache add   type: 'range' }
764 silly addNamed mime-db@>=1.27.0 <1.28.0
765 verbose addNamed ">=1.27.0 <1.28.0" is a valid semver range for mime-db
766 silly addNameRange { name: 'mime-db', range: '>=1.27.0 <1.28.0', hasData: false }
767 silly mapToRegistry name mime-db
768 silly mapToRegistry using default registry
769 silly mapToRegistry registry https://registry.npmjs.org/
770 silly mapToRegistry data Result {
770 silly mapToRegistry   raw: 'mime-db',
770 silly mapToRegistry   scope: null,
770 silly mapToRegistry   escapedName: 'mime-db',
770 silly mapToRegistry   name: 'mime-db',
770 silly mapToRegistry   rawSpec: '',
770 silly mapToRegistry   spec: 'latest',
770 silly mapToRegistry   type: 'tag' }
771 silly mapToRegistry uri https://registry.npmjs.org/mime-db
772 verbose addNameRange registry:https://registry.npmjs.org/mime-db not in flight; fetching
773 verbose get https://registry.npmjs.org/mime-db not expired, no request
774 silly addNameRange number 2 { name: 'mime-db', range: '>=1.27.0 <1.28.0', hasData: true }
775 silly addNameRange versions [ 'mime-db',
775 silly addNameRange   [ '0.0.0',
775 silly addNameRange     '1.0.0',
775 silly addNameRange     '1.0.1',
775 silly addNameRange     '1.0.2',
775 silly addNameRange     '1.0.3',
775 silly addNameRange     '1.1.0',
775 silly addNameRange     '1.1.1',
775 silly addNameRange     '1.1.2',
775 silly addNameRange     '1.2.0',
775 silly addNameRange     '1.3.0',
775 silly addNameRange     '1.3.1',
775 silly addNameRange     '1.4.0',
775 silly addNameRange     '1.5.0',
775 silly addNameRange     '1.6.0',
775 silly addNameRange     '1.6.1',
775 silly addNameRange     '1.7.0',
775 silly addNameRange     '1.8.0',
775 silly addNameRange     '1.9.0',
775 silly addNameRange     '1.9.1',
775 silly addNameRange     '1.10.0',
775 silly addNameRange     '1.11.0',
775 silly addNameRange     '1.12.0',
775 silly addNameRange     '1.13.0',
775 silly addNameRange     '1.14.0',
775 silly addNameRange     '1.15.0',
775 silly addNameRange     '1.16.0',
775 silly addNameRange     '1.17.0',
775 silly addNameRange     '1.18.0',
775 silly addNameRange     '1.19.0',
775 silly addNameRange     '1.20.0',
775 silly addNameRange     '1.21.0',
775 silly addNameRange     '1.22.0',
775 silly addNameRange     '1.23.0',
775 silly addNameRange     '1.24.0',
775 silly addNameRange     '1.25.0',
775 silly addNameRange     '1.26.0',
775 silly addNameRange     '1.27.0' ] ]
776 silly addNamed mime-db@1.27.0
777 verbose addNamed "1.27.0" is a plain semver version for mime-db
778 silly mapToRegistry name mime-db
779 silly mapToRegistry using default registry
780 silly mapToRegistry registry https://registry.npmjs.org/
781 silly mapToRegistry data Result {
781 silly mapToRegistry   raw: 'mime-db',
781 silly mapToRegistry   scope: null,
781 silly mapToRegistry   escapedName: 'mime-db',
781 silly mapToRegistry   name: 'mime-db',
781 silly mapToRegistry   rawSpec: '',
781 silly mapToRegistry   spec: 'latest',
781 silly mapToRegistry   type: 'tag' }
782 silly mapToRegistry uri https://registry.npmjs.org/mime-db
783 verbose addRemoteTarball https://registry.npmjs.org/mime-db/-/mime-db-1.27.0.tgz not in flight; adding
784 verbose addRemoteTarball [ 'https://registry.npmjs.org/mime-db/-/mime-db-1.27.0.tgz',
784 verbose addRemoteTarball   '820f572296bbd20ec25ed55e5b5de869e5436eb1' ]
785 info retry fetch attempt 1 at 12:02:26 AM
786 info attempt registry request try #1 at 12:02:26 AM
787 http fetch GET https://registry.npmjs.org/mime-db/-/mime-db-1.27.0.tgz
788 http fetch 200 https://registry.npmjs.org/mime-db/-/mime-db-1.27.0.tgz
789 silly fetchAndShaCheck shasum 820f572296bbd20ec25ed55e5b5de869e5436eb1
790 verbose addTmpTarball /var/folders/kk/x6zrm4r120z16krfc5s_n2yr0000gn/T/npm-21105-55be68f0/registry.npmjs.org/mime-db/-/mime-db-1.27.0.tgz not in flight; adding
791 verbose addTmpTarball already have metadata; skipping unpack for mime-db@1.27.0
792 verbose correctMkdir /Users/jeremyhu/.npm correctMkdir not in flight; initializing
793 silly cache afterAdd mime-db@1.27.0
794 verbose afterAdd /Users/jeremyhu/.npm/mime-db/1.27.0/package/package.json not in flight; writing
795 verbose correctMkdir /Users/jeremyhu/.npm correctMkdir not in flight; initializing
796 verbose afterAdd /Users/jeremyhu/.npm/mime-db/1.27.0/package/package.json written
797 silly loadAllDepsIntoIdealTree Finishing
798 silly loadIdealTree Finishing
799 silly currentTree lib
800 silly idealTree lib
800 silly idealTree  body-parser@1.17.1
800 silly idealTree    bytes@2.4.0
800 silly idealTree    content-type@1.0.2
800 silly idealTree    debug@2.6.1
800 silly idealTree    depd@1.1.0
800 silly idealTree    ee-first@1.1.1
800 silly idealTree    http-errors@1.6.1
800 silly idealTree    iconv-lite@0.4.15
800 silly idealTree    inherits@2.0.3
800 silly idealTree    media-typer@0.3.0
800 silly idealTree    mime-db@1.27.0
800 silly idealTree    mime-types@2.1.15
800 silly idealTree    ms@0.7.2
800 silly idealTree    on-finished@2.3.0
800 silly idealTree    qs@6.4.0
800 silly idealTree    raw-body@2.2.0
800 silly idealTree    setprototypeof@1.0.3
800 silly idealTree    statuses@1.3.1
800 silly idealTree    type-is@1.6.14
800 silly idealTree    unpipe@1.0.0
801 silly generateActionsToTake Starting
802 silly install generateActionsToTake
803 warn checkPermissions Missing write access to /usr/local/lib/node_modules
804 silly rollbackFailedOptional Starting
805 silly rollbackFailedOptional Finishing
806 silly runTopLevelLifecycles Finishing
807 silly install printInstalled
808 verbose stack Error: EACCES: permission denied, access '/usr/local/lib/node_modules'
808 verbose stack     at Error (native)
809 verbose cwd /Users/jeremyhu/Documents/JavaScript Projects/Yelp5
810 error Darwin 15.6.0
811 error argv "/usr/local/bin/node" "/usr/local/bin/npm" "link" "body-parser"
812 error node v6.8.0
813 error npm  v3.10.8
814 error path /usr/local/lib/node_modules
815 error code EACCES
816 error errno -13
817 error syscall access
818 error Error: EACCES: permission denied, access '/usr/local/lib/node_modules'
818 error     at Error (native)
818 error  { Error: EACCES: permission denied, access '/usr/local/lib/node_modules'
818 error     at Error (native)
818 error   errno: -13,
818 error   code: 'EACCES',
818 error   syscall: 'access',
818 error   path: '/usr/local/lib/node_modules' }
819 error Please try running this command again as root/Administrator.
820 verbose exit [ -13, true ]
